-- Found ament_cmake: 1.3.3 (/opt/ros/humble/share/ament_cmake/cmake)
-- Found rclcpp: 16.0.3 (/opt/ros/humble/share/rclcpp/cmake)
-- Found rosidl_generator_c: 3.1.4 (/opt/ros/humble/share/rosidl_generator_c/cmake)
-- Found rosidl_adapter: 3.1.4 (/opt/ros/humble/share/rosidl_adapter/cmake)
-- Found rosidl_generator_cpp: 3.1.4 (/opt/ros/humble/share/rosidl_generator_cpp/cmake)
-- Using all available rosidl_typesupport_c: rosidl_typesupport_fastrtps_c;rosidl_typesupport_introspection_c
-- Using all available rosidl_typesupport_cpp: rosidl_typesupport_fastrtps_cpp;rosidl_typesupport_introspection_cpp
-- Found rmw_implementation_cmake: 6.1.1 (/opt/ros/humble/share/rmw_implementation_cmake/cmake)
-- Found rmw_fastrtps_cpp: 6.2.2 (/opt/ros/humble/share/rmw_fastrtps_cpp/cmake)
-- Using RMW implementation 'rmw_fastrtps_cpp' as default
-- Found sensor_msgs: 4.2.3 (/opt/ros/humble/share/sensor_msgs/cmake)
-- Found cv_bridge: 3.2.1 (/opt/ros/humble/share/cv_bridge/cmake)
-- Found image_tools: 0.20.3 (/opt/ros/humble/share/image_tools/cmake)
-- Configuring done
-- Generating done
-- Build files have been written to: /home/ram-user/ASDFR/build/image_processing
[35m[1mConsolidate compiler generated dependencies of target brightness_check[0m
[ 25%] [32mBuilding CXX object CMakeFiles/grayscaler.dir/src/grayscale_converter.cpp.o[0m
[ 75%] Built target brightness_check
[01m[K/home/ram-user/ASDFR/src/image_processing/src/grayscale_converter.cpp:13:3:[m[K [01;31m[Kerror: [m[KISO C++ forbids declaration of â€˜[01m[KGreyScalerNode[m[Kâ€™ with no type [[01;31m[K]8;;https://gcc.gnu.org/onlinedocs/gcc/Warning-Options.html#index-fpermissive-fpermissive]8;;[m[K]
   13 |   [01;31m[KGreyScalerNode[m[K() : Node("grayscaler_node")
      |   [01;31m[K^~~~~~~~~~~~~~[m[K
[01m[K/home/ram-user/ASDFR/src/image_processing/src/grayscale_converter.cpp:[m[K In member function â€˜[01m[Kint ImageBrightnessNode::GreyScalerNode()[m[Kâ€™:
[01m[K/home/ram-user/ASDFR/src/image_processing/src/grayscale_converter.cpp:13:22:[m[K [01;31m[Kerror: [m[Konly constructors take member initializers
   13 |   GreyScalerNode() : [01;31m[KNode[m[K("grayscaler_node")
      |                      [01;31m[K^~~~[m[K
[01m[K/home/ram-user/ASDFR/src/image_processing/src/grayscale_converter.cpp:15:5:[m[K [01;31m[Kerror: [m[Kâ€˜[01m[Ksubscription_[m[Kâ€™ was not declared in this scope; did you mean â€˜[01m[Krmw_subscription_t[m[Kâ€™?
   15 |     [01;31m[Ksubscription_[m[K = this->create_subscription<sensor_msgs::msg::Image>("image", 10, std::bind(&GreyScalerNode::image_callback, this, std::placeholders::_1));
      |     [01;31m[K^~~~~~~~~~~~~[m[K
      |     [32m[Krmw_subscription_t[m[K
[01m[K/home/ram-user/ASDFR/src/image_processing/src/grayscale_converter.cpp:15:96:[m[K [01;31m[Kerror: [m[Kâ€˜[01m[KGreyScalerNode[m[Kâ€™ is not a class, namespace, or enumeration
   15 |     subscription_ = this->create_subscription<sensor_msgs::msg::Image>("image", 10, std::bind(&[01;31m[KGreyScalerNode[m[K::image_callback, this, std::placeholders::_1));
      |                                                                                                [01;31m[K^~~~~~~~~~~~~~[m[K
[01m[K/home/ram-user/ASDFR/src/image_processing/src/grayscale_converter.cpp:18:3:[m[K [01;35m[Kwarning: [m[Kno return statement in function returning non-void [[01;35m[K]8;;https://gcc.gnu.org/onlinedocs/gcc/Warning-Options.html#index-Wreturn-type-Wreturn-type]8;;[m[K]
   18 |   [01;35m[K}[m[K
      |   [01;35m[K^[m[K
[01m[K/home/ram-user/ASDFR/src/image_processing/src/grayscale_converter.cpp:[m[K In function â€˜[01m[Kint main(int, char**)[m[Kâ€™:
[01m[K/home/ram-user/ASDFR/src/image_processing/src/grayscale_converter.cpp:39:32:[m[K [01;31m[Kerror: [m[Kâ€˜[01m[KGreyScalerNode[m[Kâ€™ was not declared in this scope
   39 |   auto node = std::make_shared<[01;31m[KGreyScalerNode[m[K>();
      |                                [01;31m[K^~~~~~~~~~~~~~[m[K
[01m[K/home/ram-user/ASDFR/src/image_processing/src/grayscale_converter.cpp:39:47:[m[K [01;31m[Kerror: [m[Kno matching function for call to â€˜[01m[Kmake_shared<<expression error> >()[m[Kâ€™
   39 |   auto node = [01;31m[Kstd::make_shared<GreyScalerNode>()[m[K;
      |               [01;31m[K~~~~~~~~~~~~~~~~~~~~~~~~~~~~~~~~^~[m[K
In file included from [01m[K/usr/include/c++/11/memory:77[m[K,
                 from [01m[K/opt/ros/humble/include/rclcpp/rclcpp/rclcpp.hpp:153[m[K,
                 from [01m[K/home/ram-user/ASDFR/src/image_processing/src/grayscale_converter.cpp:1[m[K:
[01m[K/usr/include/c++/11/bits/shared_ptr.h:875:5:[m[K [01;36m[Knote: [m[Kcandidate: â€˜[01m[Ktemplate<class _Tp, class ... _Args> std::shared_ptr<_Tp> std::make_shared(_Args&& ...)[m[Kâ€™
  875 |     [01;36m[Kmake_shared[m[K(_Args&&... __args)
      |     [01;36m[K^~~~~~~~~~~[m[K
[01m[K/usr/include/c++/11/bits/shared_ptr.h:875:5:[m[K [01;36m[Knote: [m[K  template argument deduction/substitution failed:
[01m[K/home/ram-user/ASDFR/src/image_processing/src/grayscale_converter.cpp:39:47:[m[K [01;31m[Kerror: [m[Ktemplate argument 1 is invalid
   39 |   auto node = [01;31m[Kstd::make_shared<GreyScalerNode>()[m[K;
      |               [01;31m[K~~~~~~~~~~~~~~~~~~~~~~~~~~~~~~~~^~[m[K
gmake[2]: *** [CMakeFiles/grayscaler.dir/build.make:76: CMakeFiles/grayscaler.dir/src/grayscale_converter.cpp.o] Error 1
gmake[1]: *** [CMakeFiles/Makefile2:165: CMakeFiles/grayscaler.dir/all] Error 2
gmake: *** [Makefile:146: all] Error 2
