[0.011s] Invoking command in '/home/ram-user/ASDFR/build/image_processing': CMAKE_PREFIX_PATH=${CMAKE_PREFIX_PATH}:/opt/ros/humble /usr/bin/cmake --build /home/ram-user/ASDFR/build/image_processing -- -j2 -l2
[0.039s] -- Found ament_cmake: 1.3.3 (/opt/ros/humble/share/ament_cmake/cmake)
[0.187s] -- Found rclcpp: 16.0.3 (/opt/ros/humble/share/rclcpp/cmake)
[0.217s] -- Found rosidl_generator_c: 3.1.4 (/opt/ros/humble/share/rosidl_generator_c/cmake)
[0.219s] -- Found rosidl_adapter: 3.1.4 (/opt/ros/humble/share/rosidl_adapter/cmake)
[0.225s] -- Found rosidl_generator_cpp: 3.1.4 (/opt/ros/humble/share/rosidl_generator_cpp/cmake)
[0.239s] -- Using all available rosidl_typesupport_c: rosidl_typesupport_fastrtps_c;rosidl_typesupport_introspection_c
[0.256s] -- Using all available rosidl_typesupport_cpp: rosidl_typesupport_fastrtps_cpp;rosidl_typesupport_introspection_cpp
[0.327s] -- Found rmw_implementation_cmake: 6.1.1 (/opt/ros/humble/share/rmw_implementation_cmake/cmake)
[0.331s] -- Found rmw_fastrtps_cpp: 6.2.2 (/opt/ros/humble/share/rmw_fastrtps_cpp/cmake)
[0.463s] -- Using RMW implementation 'rmw_fastrtps_cpp' as default
[0.640s] -- Found sensor_msgs: 4.2.3 (/opt/ros/humble/share/sensor_msgs/cmake)
[0.768s] -- Found cv_bridge: 3.2.1 (/opt/ros/humble/share/cv_bridge/cmake)
[0.775s] -- Found image_tools: 0.20.3 (/opt/ros/humble/share/image_tools/cmake)
[0.911s] -- Configuring done
[1.053s] -- Generating done
[1.055s] -- Build files have been written to: /home/ram-user/ASDFR/build/image_processing
[1.079s] [35m[1mConsolidate compiler generated dependencies of target brightness_check[0m
[1.089s] [ 25%] [32mBuilding CXX object CMakeFiles/grayscaler.dir/src/grayscale_converter.cpp.o[0m
[1.096s] [ 75%] Built target brightness_check
[4.332s] [01m[K/home/ram-user/ASDFR/src/image_processing/src/grayscale_converter.cpp:13:3:[m[K [01;31m[Kerror: [m[KISO C++ forbids declaration of â€˜[01m[KGreyScalerNode[m[Kâ€™ with no type [[01;31m[K]8;;https://gcc.gnu.org/onlinedocs/gcc/Warning-Options.html#index-fpermissive-fpermissive]8;;[m[K]
[4.332s]    13 |   [01;31m[KGreyScalerNode[m[K() : Node("grayscaler_node")
[4.332s]       |   [01;31m[K^~~~~~~~~~~~~~[m[K
[4.337s] [01m[K/home/ram-user/ASDFR/src/image_processing/src/grayscale_converter.cpp:[m[K In member function â€˜[01m[Kint ImageBrightnessNode::GreyScalerNode()[m[Kâ€™:
[4.337s] [01m[K/home/ram-user/ASDFR/src/image_processing/src/grayscale_converter.cpp:13:22:[m[K [01;31m[Kerror: [m[Konly constructors take member initializers
[4.337s]    13 |   GreyScalerNode() : [01;31m[KNode[m[K("grayscaler_node")
[4.337s]       |                      [01;31m[K^~~~[m[K
[4.360s] [01m[K/home/ram-user/ASDFR/src/image_processing/src/grayscale_converter.cpp:15:5:[m[K [01;31m[Kerror: [m[Kâ€˜[01m[Ksubscription_[m[Kâ€™ was not declared in this scope; did you mean â€˜[01m[Krmw_subscription_t[m[Kâ€™?
[4.361s]    15 |     [01;31m[Ksubscription_[m[K = this->create_subscription<sensor_msgs::msg::Image>("image", 10, std::bind(&GreyScalerNode::image_callback, this, std::placeholders::_1));
[4.361s]       |     [01;31m[K^~~~~~~~~~~~~[m[K
[4.361s]       |     [32m[Krmw_subscription_t[m[K
[4.371s] [01m[K/home/ram-user/ASDFR/src/image_processing/src/grayscale_converter.cpp:15:96:[m[K [01;31m[Kerror: [m[Kâ€˜[01m[KGreyScalerNode[m[Kâ€™ is not a class, namespace, or enumeration
[4.371s]    15 |     subscription_ = this->create_subscription<sensor_msgs::msg::Image>("image", 10, std::bind(&[01;31m[KGreyScalerNode[m[K::image_callback, this, std::placeholders::_1));
[4.371s]       |                                                                                                [01;31m[K^~~~~~~~~~~~~~[m[K
[4.375s] [01m[K/home/ram-user/ASDFR/src/image_processing/src/grayscale_converter.cpp:18:3:[m[K [01;35m[Kwarning: [m[Kno return statement in function returning non-void [[01;35m[K]8;;https://gcc.gnu.org/onlinedocs/gcc/Warning-Options.html#index-Wreturn-type-Wreturn-type]8;;[m[K]
[4.375s]    18 |   [01;35m[K}[m[K
[4.375s]       |   [01;35m[K^[m[K
[4.394s] [01m[K/home/ram-user/ASDFR/src/image_processing/src/grayscale_converter.cpp:[m[K In function â€˜[01m[Kint main(int, char**)[m[Kâ€™:
[4.394s] [01m[K/home/ram-user/ASDFR/src/image_processing/src/grayscale_converter.cpp:39:32:[m[K [01;31m[Kerror: [m[Kâ€˜[01m[KGreyScalerNode[m[Kâ€™ was not declared in this scope
[4.394s]    39 |   auto node = std::make_shared<[01;31m[KGreyScalerNode[m[K>();
[4.394s]       |                                [01;31m[K^~~~~~~~~~~~~~[m[K
[4.394s] [01m[K/home/ram-user/ASDFR/src/image_processing/src/grayscale_converter.cpp:39:47:[m[K [01;31m[Kerror: [m[Kno matching function for call to â€˜[01m[Kmake_shared<<expression error> >()[m[Kâ€™
[4.394s]    39 |   auto node = [01;31m[Kstd::make_shared<GreyScalerNode>()[m[K;
[4.394s]       |               [01;31m[K~~~~~~~~~~~~~~~~~~~~~~~~~~~~~~~~^~[m[K
[4.394s] In file included from [01m[K/usr/include/c++/11/memory:77[m[K,
[4.394s]                  from [01m[K/opt/ros/humble/include/rclcpp/rclcpp/rclcpp.hpp:153[m[K,
[4.394s]                  from [01m[K/home/ram-user/ASDFR/src/image_processing/src/grayscale_converter.cpp:1[m[K:
[4.394s] [01m[K/usr/include/c++/11/bits/shared_ptr.h:875:5:[m[K [01;36m[Knote: [m[Kcandidate: â€˜[01m[Ktemplate<class _Tp, class ... _Args> std::shared_ptr<_Tp> std::make_shared(_Args&& ...)[m[Kâ€™
[4.395s]   875 |     [01;36m[Kmake_shared[m[K(_Args&&... __args)
[4.395s]       |     [01;36m[K^~~~~~~~~~~[m[K
[4.395s] [01m[K/usr/include/c++/11/bits/shared_ptr.h:875:5:[m[K [01;36m[Knote: [m[K  template argument deduction/substitution failed:
[4.395s] [01m[K/home/ram-user/ASDFR/src/image_processing/src/grayscale_converter.cpp:39:47:[m[K [01;31m[Kerror: [m[Ktemplate argument 1 is invalid
[4.395s]    39 |   auto node = [01;31m[Kstd::make_shared<GreyScalerNode>()[m[K;
[4.395s]       |               [01;31m[K~~~~~~~~~~~~~~~~~~~~~~~~~~~~~~~~^~[m[K
[5.931s] gmake[2]: *** [CMakeFiles/grayscaler.dir/build.make:76: CMakeFiles/grayscaler.dir/src/grayscale_converter.cpp.o] Error 1
[5.932s] gmake[1]: *** [CMakeFiles/Makefile2:165: CMakeFiles/grayscaler.dir/all] Error 2
[5.932s] gmake: *** [Makefile:146: all] Error 2
[5.935s] Invoked command in '/home/ram-user/ASDFR/build/image_processing' returned '2': CMAKE_PREFIX_PATH=${CMAKE_PREFIX_PATH}:/opt/ros/humble /usr/bin/cmake --build /home/ram-user/ASDFR/build/image_processing -- -j2 -l2
