[0.121s] Invoking command in '/home/ram-user/ASDFR/build/image_processing': CMAKE_PREFIX_PATH=/opt/ros/humble /usr/bin/cmake --build /home/ram-user/ASDFR/build/image_processing -- -j2 -l2
[0.199s] -- Found ament_cmake: 1.3.3 (/opt/ros/humble/share/ament_cmake/cmake)
[0.534s] -- Found rclcpp: 16.0.3 (/opt/ros/humble/share/rclcpp/cmake)
[0.764s] -- Found rosidl_generator_c: 3.1.4 (/opt/ros/humble/share/rosidl_generator_c/cmake)
[0.789s] -- Found rosidl_adapter: 3.1.4 (/opt/ros/humble/share/rosidl_adapter/cmake)
[0.801s] -- Found rosidl_generator_cpp: 3.1.4 (/opt/ros/humble/share/rosidl_generator_cpp/cmake)
[0.823s] -- Using all available rosidl_typesupport_c: rosidl_typesupport_fastrtps_c;rosidl_typesupport_introspection_c
[0.877s] -- Using all available rosidl_typesupport_cpp: rosidl_typesupport_fastrtps_cpp;rosidl_typesupport_introspection_cpp
[1.036s] -- Found rmw_implementation_cmake: 6.1.1 (/opt/ros/humble/share/rmw_implementation_cmake/cmake)
[1.061s] -- Found rmw_fastrtps_cpp: 6.2.2 (/opt/ros/humble/share/rmw_fastrtps_cpp/cmake)
[1.311s] -- Using RMW implementation 'rmw_fastrtps_cpp' as default
[1.708s] -- Found sensor_msgs: 4.2.3 (/opt/ros/humble/share/sensor_msgs/cmake)
[1.924s] -- Found cv_bridge: 3.2.1 (/opt/ros/humble/share/cv_bridge/cmake)
[2.008s] -- Found image_tools: 0.20.3 (/opt/ros/humble/share/image_tools/cmake)
[2.287s] -- Configuring done
[2.351s] -- Generating done
[2.353s] -- Build files have been written to: /home/ram-user/ASDFR/build/image_processing
[2.379s] [35m[1mConsolidate compiler generated dependencies of target brightness_check[0m
[2.398s] [ 50%] [32mBuilding CXX object CMakeFiles/brightness_check.dir/src/brightness_check.cpp.o[0m
[7.019s] [01m[K/home/ram-user/ASDFR/src/brightnode/src/brightness_check.cpp:[m[K In constructor â€˜[01m[KImageBrightnessNode::ImageBrightnessNode()[m[Kâ€™:
[7.019s] [01m[K/home/ram-user/ASDFR/src/brightnode/src/brightness_check.cpp:16:64:[m[K [01;31m[Kerror: [m[Kâ€˜[01m[Ktopic_[m[Kâ€™ was not declared in this scope
[7.019s]    16 |     sub_ = create_subscription<image_tools::ROSCvMatContainer>([01;31m[Ktopic_[m[K, 10, image_callback);
[7.019s]       |                                                                [01;31m[K^~~~~~[m[K
[7.224s] [01m[K/home/ram-user/ASDFR/src/brightnode/src/brightness_check.cpp:[m[K In member function â€˜[01m[Kvoid ImageBrightnessNode::image_callback(const image_tools::ROSCvMatContainer&)[m[Kâ€™:
[7.224s] [01m[K/home/ram-user/ASDFR/src/brightnode/src/brightness_check.cpp:20:62:[m[K [01;35m[Kwarning: [m[Kunused parameter â€˜[01m[Kcontainer[m[Kâ€™ [[01;35m[K]8;;https://gcc.gnu.org/onlinedocs/gcc/Warning-Options.html#index-Wunused-parameter-Wunused-parameter]8;;[m[K]
[7.224s]    20 |   void image_callback([01;35m[Kconst image_tools::ROSCvMatContainer & container[m[K)
[7.225s]       |                       [01;35m[K~~~~~~~~~~~~~~~~~~~~~~~~~~~~~~~~~~~~~~~^~~~~~~~~[m[K
[8.844s] gmake[2]: *** [CMakeFiles/brightness_check.dir/build.make:76: CMakeFiles/brightness_check.dir/src/brightness_check.cpp.o] Error 1
[8.844s] gmake[1]: *** [CMakeFiles/Makefile2:137: CMakeFiles/brightness_check.dir/all] Error 2
[8.844s] gmake: *** [Makefile:146: all] Error 2
[8.847s] Invoked command in '/home/ram-user/ASDFR/build/image_processing' returned '2': CMAKE_PREFIX_PATH=/opt/ros/humble /usr/bin/cmake --build /home/ram-user/ASDFR/build/image_processing -- -j2 -l2
