[0.015s] Invoking command in '/home/ram-user/ASDFR/build/image_processing': CMAKE_PREFIX_PATH=${CMAKE_PREFIX_PATH}:/opt/ros/humble /usr/bin/cmake --build /home/ram-user/ASDFR/build/image_processing -- -j2 -l2
[0.200s] [ 50%] Built target brightness_check
[0.201s] [ 50%] Built target grayscaler
[0.220s] [35m[1mConsolidate compiler generated dependencies of target light_tracker[0m
[0.231s] [ 75%] Built target brightmask
[0.241s] [ 87%] [32mBuilding CXX object CMakeFiles/light_tracker.dir/src/light_tracker.cpp.o[0m
[3.895s] [01m[K/home/ram-user/ASDFR/src/image_processing/src/light_tracker.cpp:[m[K In member function â€˜[01m[Kvoid LightTracker::image_callback(sensor_msgs::msg::Image_<std::allocator<void> >::SharedPtr)[m[Kâ€™:
[3.895s] [01m[K/home/ram-user/ASDFR/src/image_processing/src/light_tracker.cpp:62:9:[m[K [01;31m[Kerror: [m[Kâ€˜[01m[KPtr[m[Kâ€™ was not declared in this scope; did you mean â€˜[01m[Kcv::Ptr[m[Kâ€™?
[3.895s]    62 |         [01;31m[KPtr[m[K<SimpleBlobDetector> detector = SimpleBlobDetector::create(params);
[3.895s]       |         [01;31m[K^~~[m[K
[3.895s]       |         [32m[Kcv::Ptr[m[K
[3.895s] In file included from [01m[K/usr/include/opencv4/opencv2/core/cvstd.hpp:81[m[K,
[3.896s]                  from [01m[K/usr/include/opencv4/opencv2/core/base.hpp:58[m[K,
[3.896s]                  from [01m[K/usr/include/opencv4/opencv2/core.hpp:53[m[K,
[3.896s]                  from [01m[K/usr/include/opencv4/opencv2/opencv.hpp:52[m[K,
[3.896s]                  from [01m[K/home/ram-user/ASDFR/src/image_processing/src/light_tracker.cpp:3[m[K:
[3.896s] [01m[K/usr/include/opencv4/opencv2/core/cvstd_wrapper.hpp:73:8:[m[K [01;36m[Knote: [m[Kâ€˜[01m[Kcv::Ptr[m[Kâ€™ declared here
[3.896s]    73 | struct [01;36m[KPtr[m[K : public std::shared_ptr<T>
[3.896s]       |        [01;36m[K^~~[m[K
[3.897s] [01m[K/home/ram-user/ASDFR/src/image_processing/src/light_tracker.cpp:62:13:[m[K [01;31m[Kerror: [m[Kâ€˜[01m[KSimpleBlobDetector[m[Kâ€™ was not declared in this scope; did you mean â€˜[01m[Kcv::SimpleBlobDetector[m[Kâ€™?
[3.897s]    62 |         Ptr<[01;31m[KSimpleBlobDetector[m[K> detector = SimpleBlobDetector::create(params);
[3.897s]       |             [01;31m[K^~~~~~~~~~~~~~~~~~[m[K
[3.897s]       |             [32m[Kcv::SimpleBlobDetector[m[K
[3.898s] In file included from [01m[K/usr/include/opencv4/opencv2/calib3d.hpp:48[m[K,
[3.898s]                  from [01m[K/usr/include/opencv4/opencv2/opencv.hpp:56[m[K,
[3.898s]                  from [01m[K/home/ram-user/ASDFR/src/image_processing/src/light_tracker.cpp:3[m[K:
[3.898s] [01m[K/usr/include/opencv4/opencv2/features2d.hpp:695:20:[m[K [01;36m[Knote: [m[Kâ€˜[01m[Kcv::SimpleBlobDetector[m[Kâ€™ declared here
[3.898s]   695 | class CV_EXPORTS_W [01;36m[KSimpleBlobDetector[m[K : public Feature2D
[3.898s]       |                    [01;36m[K^~~~~~~~~~~~~~~~~~[m[K
[3.927s] [01m[K/home/ram-user/ASDFR/src/image_processing/src/light_tracker.cpp:62:33:[m[K [01;31m[Kerror: [m[Kâ€˜[01m[Kdetector[m[Kâ€™ was not declared in this scope
[3.927s]    62 |         Ptr<SimpleBlobDetector> [01;31m[Kdetector[m[K = SimpleBlobDetector::create(params);
[3.927s]       |                                 [01;31m[K^~~~~~~~[m[K
[3.935s] [01m[K/home/ram-user/ASDFR/src/image_processing/src/light_tracker.cpp:62:44:[m[K [01;31m[Kerror: [m[Kâ€˜[01m[KSimpleBlobDetector[m[Kâ€™ is not a class, namespace, or enumeration
[3.936s]    62 |         Ptr<SimpleBlobDetector> detector = [01;31m[KSimpleBlobDetector[m[K::create(params);
[3.936s]       |                                            [01;31m[K^~~~~~~~~~~~~~~~~~[m[K
[7.114s] gmake[2]: *** [CMakeFiles/light_tracker.dir/build.make:76: CMakeFiles/light_tracker.dir/src/light_tracker.cpp.o] Error 1
[7.114s] gmake[1]: *** [CMakeFiles/Makefile2:221: CMakeFiles/light_tracker.dir/all] Error 2
[7.116s] gmake: *** [Makefile:146: all] Error 2
[7.116s] Invoked command in '/home/ram-user/ASDFR/build/image_processing' returned '2': CMAKE_PREFIX_PATH=${CMAKE_PREFIX_PATH}:/opt/ros/humble /usr/bin/cmake --build /home/ram-user/ASDFR/build/image_processing -- -j2 -l2
