[ 25%] Built target brightness_check
[ 50%] Built target grayscaler
[35m[1mConsolidate compiler generated dependencies of target light_tracker[0m
[ 75%] Built target brightmask
[ 87%] [32mBuilding CXX object CMakeFiles/light_tracker.dir/src/light_tracker.cpp.o[0m
[01m[K/home/ram-user/ASDFR/src/image_processing/src/light_tracker.cpp:83:23:[m[K [01;31m[Kerror: [m[Kâ€˜[01m[Kggeometry_msgs[m[Kâ€™ was not declared in this scope; did you mean â€˜[01m[Kgeometry_msgs[m[Kâ€™?
   83 |     rclcpp::Publisher<[01;31m[Kggeometry_msgs[m[K::msg::Pose2D>::SharedPtr publisher_;
      |                       [01;31m[K^~~~~~~~~~~~~~[m[K
      |                       [32m[Kgeometry_msgs[m[K
[01m[K/home/ram-user/ASDFR/src/image_processing/src/light_tracker.cpp:83:50:[m[K [01;31m[Kerror: [m[Ktemplate argument 1 is invalid
   83 |     rclcpp::Publisher<ggeometry_msgs::msg::Pose2D[01;31m[K>[m[K::SharedPtr publisher_;
      |                                                  [01;31m[K^[m[K
[01m[K/home/ram-user/ASDFR/src/image_processing/src/light_tracker.cpp:83:53:[m[K [01;31m[Kerror: [m[Kexpected â€˜[01m[K;[m[Kâ€™ at end of member declaration
   83 |     rclcpp::Publisher<ggeometry_msgs::msg::Pose2D>::[01;31m[KSharedPtr[m[K publisher_;
      |                                                     [01;31m[K^~~~~~~~~[m[K
      |                                                              [32m[K;[m[K
[01m[K/home/ram-user/ASDFR/src/image_processing/src/light_tracker.cpp:83:63:[m[K [01;31m[Kerror: [m[Kâ€˜[01m[Kpublisher_[m[Kâ€™ does not name a type; did you mean â€˜[01m[Krmw_publisher_t[m[Kâ€™?
   83 |     rclcpp::Publisher<ggeometry_msgs::msg::Pose2D>::SharedPtr [01;31m[Kpublisher_[m[K;
      |                                                               [01;31m[K^~~~~~~~~~[m[K
      |                                                               [32m[Krmw_publisher_t[m[K
[01m[K/home/ram-user/ASDFR/src/image_processing/src/light_tracker.cpp:[m[K In constructor â€˜[01m[KLightTracker::LightTracker()[m[Kâ€™:
[01m[K/home/ram-user/ASDFR/src/image_processing/src/light_tracker.cpp:17:5:[m[K [01;31m[Kerror: [m[Kâ€˜[01m[Kpublisher_[m[Kâ€™ was not declared in this scope; did you mean â€˜[01m[Krmw_publisher_t[m[Kâ€™?
   17 |     [01;31m[Kpublisher_[m[K = this->create_publisher<geometry_msgs::msg::Pose2D>("COGL", 10);
      |     [01;31m[K^~~~~~~~~~[m[K
      |     [32m[Krmw_publisher_t[m[K
[01m[K/home/ram-user/ASDFR/src/image_processing/src/light_tracker.cpp:[m[K In member function â€˜[01m[Kvoid LightTracker::image_callback(sensor_msgs::msg::Image_<std::allocator<void> >::SharedPtr)[m[Kâ€™:
[01m[K/home/ram-user/ASDFR/src/image_processing/src/light_tracker.cpp:80:9:[m[K [01;31m[Kerror: [m[Kâ€˜[01m[Kpublisher_[m[Kâ€™ was not declared in this scope; did you mean â€˜[01m[Krmw_publisher_t[m[Kâ€™?
   80 |         [01;31m[Kpublisher_[m[K->publish(*Pos);
      |         [01;31m[K^~~~~~~~~~[m[K
      |         [32m[Krmw_publisher_t[m[K
[01m[K/home/ram-user/ASDFR/src/image_processing/src/light_tracker.cpp:80:29:[m[K [01;31m[Kerror: [m[Kno match for â€˜[01m[Koperator*[m[Kâ€™ (operand type is â€˜[01m[Kgeometry_msgs::msg::Pose2D[m[Kâ€™ {aka â€˜[01m[Kgeometry_msgs::msg::Pose2D_<std::allocator<void> >[m[Kâ€™})
   80 |         publisher_->publish([01;31m[K*Pos[m[K);
      |                             [01;31m[K^~~~[m[K
In file included from [01m[K/usr/include/opencv4/opencv2/core/cvstd.inl.hpp:47[m[K,
                 from [01m[K/usr/include/opencv4/opencv2/core.hpp:3306[m[K,
                 from [01m[K/usr/include/opencv4/opencv2/opencv.hpp:52[m[K,
                 from [01m[K/home/ram-user/ASDFR/src/image_processing/src/light_tracker.cpp:3[m[K:
[01m[K/usr/include/c++/11/complex:392:5:[m[K [01;36m[Knote: [m[Kcandidate: â€˜[01m[Ktemplate<class _Tp> std::complex<_Tp> std::operator*(const std::complex<_Tp>&, const std::complex<_Tp>&)[m[Kâ€™
  392 |     [01;36m[Koperator[m[K*(const complex<_Tp>& __x, const complex<_Tp>& __y)
      |     [01;36m[K^~~~~~~~[m[K
[01m[K/usr/include/c++/11/complex:392:5:[m[K [01;36m[Knote: [m[K  template argument deduction/substitution failed:
[01m[K/home/ram-user/ASDFR/src/image_processing/src/light_tracker.cpp:80:30:[m[K [01;36m[Knote: [m[K  â€˜[01m[Kgeometry_msgs::msg::Pose2D[m[Kâ€™ {aka â€˜[01m[Kgeometry_msgs::msg::Pose2D_<std::allocator<void> >[m[Kâ€™} is not derived from â€˜[01m[Kconst std::complex<_Tp>[m[Kâ€™
   80 |         publisher_->publish(*[01;36m[KPos[m[K);
      |                              [01;36m[K^~~[m[K
In file included from [01m[K/usr/include/opencv4/opencv2/core/cvstd.inl.hpp:47[m[K,
                 from [01m[K/usr/include/opencv4/opencv2/core.hpp:3306[m[K,
                 from [01m[K/usr/include/opencv4/opencv2/opencv.hpp:52[m[K,
                 from [01m[K/home/ram-user/ASDFR/src/image_processing/src/light_tracker.cpp:3[m[K:
[01m[K/usr/include/c++/11/complex:401:5:[m[K [01;36m[Knote: [m[Kcandidate: â€˜[01m[Ktemplate<class _Tp> std::complex<_Tp> std::operator*(const std::complex<_Tp>&, const _Tp&)[m[Kâ€™
  401 |     [01;36m[Koperator[m[K*(const complex<_Tp>& __x, const _Tp& __y)
      |     [01;36m[K^~~~~~~~[m[K
[01m[K/usr/include/c++/11/complex:401:5:[m[K [01;36m[Knote: [m[K  template argument deduction/substitution failed:
[01m[K/home/ram-user/ASDFR/src/image_processing/src/light_tracker.cpp:80:30:[m[K [01;36m[Knote: [m[K  â€˜[01m[Kgeometry_msgs::msg::Pose2D[m[Kâ€™ {aka â€˜[01m[Kgeometry_msgs::msg::Pose2D_<std::allocator<void> >[m[Kâ€™} is not derived from â€˜[01m[Kconst std::complex<_Tp>[m[Kâ€™
   80 |         publisher_->publish(*[01;36m[KPos[m[K);
      |                              [01;36m[K^~~[m[K
In file included from [01m[K/usr/include/opencv4/opencv2/core/cvstd.inl.hpp:47[m[K,
                 from [01m[K/usr/include/opencv4/opencv2/core.hpp:3306[m[K,
                 from [01m[K/usr/include/opencv4/opencv2/opencv.hpp:52[m[K,
                 from [01m[K/home/ram-user/ASDFR/src/image_processing/src/light_tracker.cpp:3[m[K:
[01m[K/usr/include/c++/11/complex:410:5:[m[K [01;36m[Knote: [m[Kcandidate: â€˜[01m[Ktemplate<class _Tp> std::complex<_Tp> std::operator*(const _Tp&, const std::complex<_Tp>&)[m[Kâ€™
  410 |     [01;36m[Koperator[m[K*(const _Tp& __x, const complex<_Tp>& __y)
      |     [01;36m[K^~~~~~~~[m[K
[01m[K/usr/include/c++/11/complex:410:5:[m[K [01;36m[Knote: [m[K  template argument deduction/substitution failed:
[01m[K/home/ram-user/ASDFR/src/image_processing/src/light_tracker.cpp:80:30:[m[K [01;36m[Knote: [m[K  candidate expects 2 arguments, 1 provided
   80 |         publisher_->publish(*[01;36m[KPos[m[K);
      |                              [01;36m[K^~~[m[K
gmake[2]: *** [CMakeFiles/light_tracker.dir/build.make:76: CMakeFiles/light_tracker.dir/src/light_tracker.cpp.o] Error 1
gmake[1]: *** [CMakeFiles/Makefile2:221: CMakeFiles/light_tracker.dir/all] Error 2
gmake: *** [Makefile:146: all] Error 2
