[0.011s] Invoking command in '/home/ram-user/ASDFR/build/image_processing': CMAKE_PREFIX_PATH=/opt/ros/humble /usr/bin/cmake --build /home/ram-user/ASDFR/build/image_processing -- -j2 -l2
[0.076s] [ 25%] Built target brightness_check
[0.079s] [ 50%] Built target grayscaler
[0.090s] [35m[1mConsolidate compiler generated dependencies of target light_tracker[0m
[0.098s] [ 75%] Built target brightmask
[0.107s] [ 87%] [32mBuilding CXX object CMakeFiles/light_tracker.dir/src/light_tracker.cpp.o[0m
[3.108s] [01m[K/home/ram-user/ASDFR/src/image_processing/src/light_tracker.cpp:83:23:[m[K [01;31m[Kerror: [m[Kâ€˜[01m[Kggeometry_msgs[m[Kâ€™ was not declared in this scope; did you mean â€˜[01m[Kgeometry_msgs[m[Kâ€™?
[3.108s]    83 |     rclcpp::Publisher<[01;31m[Kggeometry_msgs[m[K::msg::Pose2D>::SharedPtr publisher_;
[3.108s]       |                       [01;31m[K^~~~~~~~~~~~~~[m[K
[3.108s]       |                       [32m[Kgeometry_msgs[m[K
[3.108s] [01m[K/home/ram-user/ASDFR/src/image_processing/src/light_tracker.cpp:83:50:[m[K [01;31m[Kerror: [m[Ktemplate argument 1 is invalid
[3.108s]    83 |     rclcpp::Publisher<ggeometry_msgs::msg::Pose2D[01;31m[K>[m[K::SharedPtr publisher_;
[3.108s]       |                                                  [01;31m[K^[m[K
[3.108s] [01m[K/home/ram-user/ASDFR/src/image_processing/src/light_tracker.cpp:83:53:[m[K [01;31m[Kerror: [m[Kexpected â€˜[01m[K;[m[Kâ€™ at end of member declaration
[3.108s]    83 |     rclcpp::Publisher<ggeometry_msgs::msg::Pose2D>::[01;31m[KSharedPtr[m[K publisher_;
[3.108s]       |                                                     [01;31m[K^~~~~~~~~[m[K
[3.109s]       |                                                              [32m[K;[m[K
[3.110s] [01m[K/home/ram-user/ASDFR/src/image_processing/src/light_tracker.cpp:83:63:[m[K [01;31m[Kerror: [m[Kâ€˜[01m[Kpublisher_[m[Kâ€™ does not name a type; did you mean â€˜[01m[Krmw_publisher_t[m[Kâ€™?
[3.110s]    83 |     rclcpp::Publisher<ggeometry_msgs::msg::Pose2D>::SharedPtr [01;31m[Kpublisher_[m[K;
[3.110s]       |                                                               [01;31m[K^~~~~~~~~~[m[K
[3.110s]       |                                                               [32m[Krmw_publisher_t[m[K
[3.127s] [01m[K/home/ram-user/ASDFR/src/image_processing/src/light_tracker.cpp:[m[K In constructor â€˜[01m[KLightTracker::LightTracker()[m[Kâ€™:
[3.127s] [01m[K/home/ram-user/ASDFR/src/image_processing/src/light_tracker.cpp:17:5:[m[K [01;31m[Kerror: [m[Kâ€˜[01m[Kpublisher_[m[Kâ€™ was not declared in this scope; did you mean â€˜[01m[Krmw_publisher_t[m[Kâ€™?
[3.127s]    17 |     [01;31m[Kpublisher_[m[K = this->create_publisher<geometry_msgs::msg::Pose2D>("COGL", 10);
[3.127s]       |     [01;31m[K^~~~~~~~~~[m[K
[3.127s]       |     [32m[Krmw_publisher_t[m[K
[3.152s] [01m[K/home/ram-user/ASDFR/src/image_processing/src/light_tracker.cpp:[m[K In member function â€˜[01m[Kvoid LightTracker::image_callback(sensor_msgs::msg::Image_<std::allocator<void> >::SharedPtr)[m[Kâ€™:
[3.152s] [01m[K/home/ram-user/ASDFR/src/image_processing/src/light_tracker.cpp:80:9:[m[K [01;31m[Kerror: [m[Kâ€˜[01m[Kpublisher_[m[Kâ€™ was not declared in this scope; did you mean â€˜[01m[Krmw_publisher_t[m[Kâ€™?
[3.152s]    80 |         [01;31m[Kpublisher_[m[K->publish(*Pos);
[3.153s]       |         [01;31m[K^~~~~~~~~~[m[K
[3.153s]       |         [32m[Krmw_publisher_t[m[K
[3.153s] [01m[K/home/ram-user/ASDFR/src/image_processing/src/light_tracker.cpp:80:29:[m[K [01;31m[Kerror: [m[Kno match for â€˜[01m[Koperator*[m[Kâ€™ (operand type is â€˜[01m[Kgeometry_msgs::msg::Pose2D[m[Kâ€™ {aka â€˜[01m[Kgeometry_msgs::msg::Pose2D_<std::allocator<void> >[m[Kâ€™})
[3.153s]    80 |         publisher_->publish([01;31m[K*Pos[m[K);
[3.153s]       |                             [01;31m[K^~~~[m[K
[3.153s] In file included from [01m[K/usr/include/opencv4/opencv2/core/cvstd.inl.hpp:47[m[K,
[3.153s]                  from [01m[K/usr/include/opencv4/opencv2/core.hpp:3306[m[K,
[3.153s]                  from [01m[K/usr/include/opencv4/opencv2/opencv.hpp:52[m[K,
[3.153s]                  from [01m[K/home/ram-user/ASDFR/src/image_processing/src/light_tracker.cpp:3[m[K:
[3.153s] [01m[K/usr/include/c++/11/complex:392:5:[m[K [01;36m[Knote: [m[Kcandidate: â€˜[01m[Ktemplate<class _Tp> std::complex<_Tp> std::operator*(const std::complex<_Tp>&, const std::complex<_Tp>&)[m[Kâ€™
[3.153s]   392 |     [01;36m[Koperator[m[K*(const complex<_Tp>& __x, const complex<_Tp>& __y)
[3.153s]       |     [01;36m[K^~~~~~~~[m[K
[3.153s] [01m[K/usr/include/c++/11/complex:392:5:[m[K [01;36m[Knote: [m[K  template argument deduction/substitution failed:
[3.153s] [01m[K/home/ram-user/ASDFR/src/image_processing/src/light_tracker.cpp:80:30:[m[K [01;36m[Knote: [m[K  â€˜[01m[Kgeometry_msgs::msg::Pose2D[m[Kâ€™ {aka â€˜[01m[Kgeometry_msgs::msg::Pose2D_<std::allocator<void> >[m[Kâ€™} is not derived from â€˜[01m[Kconst std::complex<_Tp>[m[Kâ€™
[3.153s]    80 |         publisher_->publish(*[01;36m[KPos[m[K);
[3.153s]       |                              [01;36m[K^~~[m[K
[3.153s] In file included from [01m[K/usr/include/opencv4/opencv2/core/cvstd.inl.hpp:47[m[K,
[3.153s]                  from [01m[K/usr/include/opencv4/opencv2/core.hpp:3306[m[K,
[3.153s]                  from [01m[K/usr/include/opencv4/opencv2/opencv.hpp:52[m[K,
[3.154s]                  from [01m[K/home/ram-user/ASDFR/src/image_processing/src/light_tracker.cpp:3[m[K:
[3.154s] [01m[K/usr/include/c++/11/complex:401:5:[m[K [01;36m[Knote: [m[Kcandidate: â€˜[01m[Ktemplate<class _Tp> std::complex<_Tp> std::operator*(const std::complex<_Tp>&, const _Tp&)[m[Kâ€™
[3.154s]   401 |     [01;36m[Koperator[m[K*(const complex<_Tp>& __x, const _Tp& __y)
[3.154s]       |     [01;36m[K^~~~~~~~[m[K
[3.154s] [01m[K/usr/include/c++/11/complex:401:5:[m[K [01;36m[Knote: [m[K  template argument deduction/substitution failed:
[3.154s] [01m[K/home/ram-user/ASDFR/src/image_processing/src/light_tracker.cpp:80:30:[m[K [01;36m[Knote: [m[K  â€˜[01m[Kgeometry_msgs::msg::Pose2D[m[Kâ€™ {aka â€˜[01m[Kgeometry_msgs::msg::Pose2D_<std::allocator<void> >[m[Kâ€™} is not derived from â€˜[01m[Kconst std::complex<_Tp>[m[Kâ€™
[3.154s]    80 |         publisher_->publish(*[01;36m[KPos[m[K);
[3.154s]       |                              [01;36m[K^~~[m[K
[3.154s] In file included from [01m[K/usr/include/opencv4/opencv2/core/cvstd.inl.hpp:47[m[K,
[3.154s]                  from [01m[K/usr/include/opencv4/opencv2/core.hpp:3306[m[K,
[3.154s]                  from [01m[K/usr/include/opencv4/opencv2/opencv.hpp:52[m[K,
[3.154s]                  from [01m[K/home/ram-user/ASDFR/src/image_processing/src/light_tracker.cpp:3[m[K:
[3.154s] [01m[K/usr/include/c++/11/complex:410:5:[m[K [01;36m[Knote: [m[Kcandidate: â€˜[01m[Ktemplate<class _Tp> std::complex<_Tp> std::operator*(const _Tp&, const std::complex<_Tp>&)[m[Kâ€™
[3.154s]   410 |     [01;36m[Koperator[m[K*(const _Tp& __x, const complex<_Tp>& __y)
[3.154s]       |     [01;36m[K^~~~~~~~[m[K
[3.154s] [01m[K/usr/include/c++/11/complex:410:5:[m[K [01;36m[Knote: [m[K  template argument deduction/substitution failed:
[3.154s] [01m[K/home/ram-user/ASDFR/src/image_processing/src/light_tracker.cpp:80:30:[m[K [01;36m[Knote: [m[K  candidate expects 2 arguments, 1 provided
[3.154s]    80 |         publisher_->publish(*[01;36m[KPos[m[K);
[3.154s]       |                              [01;36m[K^~~[m[K
[5.970s] gmake[2]: *** [CMakeFiles/light_tracker.dir/build.make:76: CMakeFiles/light_tracker.dir/src/light_tracker.cpp.o] Error 1
[5.970s] gmake[1]: *** [CMakeFiles/Makefile2:221: CMakeFiles/light_tracker.dir/all] Error 2
[5.972s] gmake: *** [Makefile:146: all] Error 2
[5.973s] Invoked command in '/home/ram-user/ASDFR/build/image_processing' returned '2': CMAKE_PREFIX_PATH=/opt/ros/humble /usr/bin/cmake --build /home/ram-user/ASDFR/build/image_processing -- -j2 -l2
