[0.048s] Invoking command in '/home/ram-user/ASDFR/src/ros2_nodes/build/jiwy_controller': CMAKE_PREFIX_PATH=/home/ram-user/ASDFR/src/ros2_nodes/install/asdfr_interfaces:/home/ram-user/ASDFR/src/ros2_nodes/install/jiwy_simulator:/home/ram-user/ASDFR/src/ros2_nodes/install/jiwy_controller:/home/ram-user/ASDFR/install/jiwy_simulator:/home/ram-user/ASDFR/install/jiwy_controller:/home/ram-user/ASDFR/install/image_processing:/home/ram-user/ASDFR/install/asdfr_interfaces:/opt/ros/humble /usr/bin/cmake --build /home/ram-user/ASDFR/src/ros2_nodes/build/jiwy_controller -- -j2 -l2
[0.179s] [35m[1mConsolidate compiler generated dependencies of target jc_lighttracker[0m
[0.233s] [ 16%] [32mBuilding CXX object CMakeFiles/jc_lighttracker.dir/src/jc_light_tracker.cpp.o[0m
[0.244s] [ 50%] Built target jiwy_controller
[0.334s] [ 83%] Built target simplesub
[4.640s] [01m[K/home/ram-user/ASDFR/src/ros2_nodes/src/jiwy_controller/src/jc_light_tracker.cpp:[m[K In member function â€˜[01m[Kvoid JCLightTrackerNode::topic_callback(const Pose2D&)[m[Kâ€™:
[4.640s] [01m[K/home/ram-user/ASDFR/src/ros2_nodes/src/jiwy_controller/src/jc_light_tracker.cpp:47:12:[m[K [01;35m[Kwarning: [m[Kunused variable â€˜[01m[Kpan[m[Kâ€™ [[01;35m[K]8;;https://gcc.gnu.org/onlinedocs/gcc/Warning-Options.html#index-Wunused-variable-Wunused-variable]8;;[m[K]
[4.640s]    47 |     double [01;35m[Kpan[m[K, tilt;
[4.640s]       |            [01;35m[K^~~[m[K
[4.640s] [01m[K/home/ram-user/ASDFR/src/ros2_nodes/src/jiwy_controller/src/jc_light_tracker.cpp:47:17:[m[K [01;35m[Kwarning: [m[Kunused variable â€˜[01m[Ktilt[m[Kâ€™ [[01;35m[K]8;;https://gcc.gnu.org/onlinedocs/gcc/Warning-Options.html#index-Wunused-variable-Wunused-variable]8;;[m[K]
[4.640s]    47 |     double pan, [01;35m[Ktilt[m[K;
[4.641s]       |                 [01;35m[K^~~~[m[K
[4.706s] [01m[K/home/ram-user/ASDFR/src/ros2_nodes/src/jiwy_controller/src/jc_light_tracker.cpp:[m[K In member function â€˜[01m[Kvoid JCLightTrackerNode::image_callback(sensor_msgs::msg::Image_<std::allocator<void> >::SharedPtr)[m[Kâ€™:
[4.706s] [01m[K/home/ram-user/ASDFR/src/ros2_nodes/src/jiwy_controller/src/jc_light_tracker.cpp:64:5:[m[K [01;31m[Kerror: [m[Kâ€˜[01m[Kpan[m[Kâ€™ was not declared in this scope; did you mean â€˜[01m[Ktan[m[Kâ€™?
[4.706s]    64 |     [01;31m[Kpan[m[K = midX * 1.6/width;
[4.706s]       |     [01;31m[K^~~[m[K
[4.706s]       |     [32m[Ktan[m[K
[4.722s] [01m[K/home/ram-user/ASDFR/src/ros2_nodes/src/jiwy_controller/src/jc_light_tracker.cpp:65:5:[m[K [01;31m[Kerror: [m[Kâ€˜[01m[Ktilt[m[Kâ€™ was not declared in this scope
[4.722s]    65 |     [01;31m[Ktilt[m[K = midY * 1.2/height;
[4.722s]       |     [01;31m[K^~~~[m[K
[9.232s] gmake[2]: *** [CMakeFiles/jc_lighttracker.dir/build.make:76: CMakeFiles/jc_lighttracker.dir/src/jc_light_tracker.cpp.o] Error 1
[9.232s] gmake[1]: *** [CMakeFiles/Makefile2:167: CMakeFiles/jc_lighttracker.dir/all] Error 2
[9.232s] gmake: *** [Makefile:146: all] Error 2
[9.234s] Invoked command in '/home/ram-user/ASDFR/src/ros2_nodes/build/jiwy_controller' returned '2': CMAKE_PREFIX_PATH=/home/ram-user/ASDFR/src/ros2_nodes/install/asdfr_interfaces:/home/ram-user/ASDFR/src/ros2_nodes/install/jiwy_simulator:/home/ram-user/ASDFR/src/ros2_nodes/install/jiwy_controller:/home/ram-user/ASDFR/install/jiwy_simulator:/home/ram-user/ASDFR/install/jiwy_controller:/home/ram-user/ASDFR/install/image_processing:/home/ram-user/ASDFR/install/asdfr_interfaces:/opt/ros/humble /usr/bin/cmake --build /home/ram-user/ASDFR/src/ros2_nodes/build/jiwy_controller -- -j2 -l2
