[0.011s] Invoking command in '/home/ram-user/ASDFR/build/image_processing': CMAKE_PREFIX_PATH=/opt/ros/humble /usr/bin/cmake --build /home/ram-user/ASDFR/build/image_processing -- -j2 -l2
[0.065s] [ 50%] Built target grayscaler
[0.065s] [ 50%] Built target brightness_check
[0.089s] [ 87%] Built target brightmask
[0.089s] [ 87%] [32mBuilding CXX object CMakeFiles/light_tracker.dir/src/light_tracker.cpp.o[0m
[3.329s] [01m[K/home/ram-user/ASDFR/src/image_processing/src/light_tracker.cpp:83:38:[m[K [01;31m[Kerror: [m[Kâ€˜[01m[KPose2D[m[Kâ€™ is not a member of â€˜[01m[Kgeometry_msgs[m[Kâ€™; did you mean â€˜[01m[Kgeometry_msgs::msg::Pose2D[m[Kâ€™?
[3.329s]    83 |     rclcpp::Publisher<geometry_msgs::[01;31m[KPose2D[m[K>::SharedPtr publisher_;
[3.329s]       |                                      [01;31m[K^~~~~~[m[K
[3.329s] In file included from [01m[K/opt/ros/humble/include/geometry_msgs/geometry_msgs/msg/pose2_d.hpp:7[m[K,
[3.329s]                  from [01m[K/home/ram-user/ASDFR/src/image_processing/src/light_tracker.cpp:6[m[K:
[3.329s] [01m[K/opt/ros/humble/include/geometry_msgs/geometry_msgs/msg/detail/pose2_d__struct.hpp:150:7:[m[K [01;36m[Knote: [m[Kâ€˜[01m[Kgeometry_msgs::msg::Pose2D[m[Kâ€™ declared here
[3.329s]   150 | using [01;36m[KPose2D[m[K =
[3.329s]       |       [01;36m[K^~~~~~[m[K
[3.329s] [01m[K/home/ram-user/ASDFR/src/image_processing/src/light_tracker.cpp:83:44:[m[K [01;31m[Kerror: [m[Ktemplate argument 1 is invalid
[3.329s]    83 |     rclcpp::Publisher<geometry_msgs::Pose2D[01;31m[K>[m[K::SharedPtr publisher_;
[3.329s]       |                                            [01;31m[K^[m[K
[3.429s] [01m[K/home/ram-user/ASDFR/src/image_processing/src/light_tracker.cpp:83:47:[m[K [01;31m[Kerror: [m[Kexpected â€˜[01m[K;[m[Kâ€™ at end of member declaration
[3.429s]    83 |     rclcpp::Publisher<geometry_msgs::Pose2D>::[01;31m[KSharedPtr[m[K publisher_;
[3.430s]       |                                               [01;31m[K^~~~~~~~~[m[K
[3.430s]       |                                                        [32m[K;[m[K
[3.434s] [01m[K/home/ram-user/ASDFR/src/image_processing/src/light_tracker.cpp:83:57:[m[K [01;31m[Kerror: [m[Kâ€˜[01m[Kpublisher_[m[Kâ€™ does not name a type; did you mean â€˜[01m[Krmw_publisher_t[m[Kâ€™?
[3.434s]    83 |     rclcpp::Publisher<geometry_msgs::Pose2D>::SharedPtr [01;31m[Kpublisher_[m[K;
[3.434s]       |                                                         [01;31m[K^~~~~~~~~~[m[K
[3.434s]       |                                                         [32m[Krmw_publisher_t[m[K
[3.460s] [01m[K/home/ram-user/ASDFR/src/image_processing/src/light_tracker.cpp:[m[K In constructor â€˜[01m[KLightTracker::LightTracker()[m[Kâ€™:
[3.461s] [01m[K/home/ram-user/ASDFR/src/image_processing/src/light_tracker.cpp:17:5:[m[K [01;31m[Kerror: [m[Kâ€˜[01m[Kpublisher_[m[Kâ€™ was not declared in this scope; did you mean â€˜[01m[Krmw_publisher_t[m[Kâ€™?
[3.461s]    17 |     [01;31m[Kpublisher_[m[K = this->create_publisher<geometry_msgs::Pose2D>("COGL", 10);
[3.461s]       |     [01;31m[K^~~~~~~~~~[m[K
[3.461s]       |     [32m[Krmw_publisher_t[m[K
[3.462s] [01m[K/home/ram-user/ASDFR/src/image_processing/src/light_tracker.cpp:17:56:[m[K [01;31m[Kerror: [m[Kâ€˜[01m[KPose2D[m[Kâ€™ is not a member of â€˜[01m[Kgeometry_msgs[m[Kâ€™; did you mean â€˜[01m[Kgeometry_msgs::msg::Pose2D[m[Kâ€™?
[3.462s]    17 |     publisher_ = this->create_publisher<geometry_msgs::[01;31m[KPose2D[m[K>("COGL", 10);
[3.462s]       |                                                        [01;31m[K^~~~~~[m[K
[3.462s] In file included from [01m[K/opt/ros/humble/include/geometry_msgs/geometry_msgs/msg/pose2_d.hpp:7[m[K,
[3.462s]                  from [01m[K/home/ram-user/ASDFR/src/image_processing/src/light_tracker.cpp:6[m[K:
[3.462s] [01m[K/opt/ros/humble/include/geometry_msgs/geometry_msgs/msg/detail/pose2_d__struct.hpp:150:7:[m[K [01;36m[Knote: [m[Kâ€˜[01m[Kgeometry_msgs::msg::Pose2D[m[Kâ€™ declared here
[3.462s]   150 | using [01;36m[KPose2D[m[K =
[3.462s]       |       [01;36m[K^~~~~~[m[K
[3.462s] [01m[K/home/ram-user/ASDFR/src/image_processing/src/light_tracker.cpp:17:63:[m[K [01;31m[Kerror: [m[Kno matching function for call to â€˜[01m[KLightTracker::create_publisher<<expression error> >(const char [5], int)[m[Kâ€™
[3.462s]    17 |   publisher_ = [01;31m[Kthis->create_publisher<geometry_msgs::Pose2D>("COGL", 10)[m[K;
[3.462s]       |                [01;31m[K~~~~~~~~~~~~~~~~~~~~~~~~~~~~~~~~~~~~~~~~~~~~~^~~~~~~~~~~~[m[K
[3.463s] 
[3.463s] In file included from [01m[K/opt/ros/humble/include/rclcpp/rclcpp/executors/single_threaded_executor.hpp:28[m[K,
[3.463s]                  from [01m[K/opt/ros/humble/include/rclcpp/rclcpp/executors.hpp:22[m[K,
[3.463s]                  from [01m[K/opt/ros/humble/include/rclcpp/rclcpp/rclcpp.hpp:155[m[K,
[3.463s]                  from [01m[K/home/ram-user/ASDFR/src/image_processing/src/light_tracker.cpp:1[m[K:
[3.463s] [01m[K/opt/ros/humble/include/rclcpp/rclcpp/node.hpp:195:3:[m[K [01;36m[Knote: [m[Kcandidate: â€˜[01m[Ktemplate<class MessageT, class AllocatorT, class PublisherT> std::shared_ptr<PublisherT> rclcpp::Node::create_publisher(const string&, const rclcpp::QoS&, const rclcpp::PublisherOptionsWithAllocator<AllocatorT>&)[m[Kâ€™
[3.463s]   195 |   [01;36m[Kcreate_publisher[m[K(
[3.463s]       |   [01;36m[K^~~~~~~~~~~~~~~~[m[K
[3.463s] [01m[K/opt/ros/humble/include/rclcpp/rclcpp/node.hpp:195:3:[m[K [01;36m[Knote: [m[K  template argument deduction/substitution failed:
[3.463s] [01m[K/home/ram-user/ASDFR/src/image_processing/src/light_tracker.cpp:17:63:[m[K [01;31m[Kerror: [m[Ktemplate argument 1 is invalid
[3.463s]    17 |   publisher_ = [01;31m[Kthis->create_publisher<geometry_msgs::Pose2D>("COGL", 10)[m[K;
[3.463s]       |                [01;31m[K~~~~~~~~~~~~~~~~~~~~~~~~~~~~~~~~~~~~~~~~~~~~~^~~~~~~~~~~~[m[K
[3.463s] 
[3.467s] [01m[K/home/ram-user/ASDFR/src/image_processing/src/light_tracker.cpp:[m[K In member function â€˜[01m[Kvoid LightTracker::image_callback(sensor_msgs::msg::Image_<std::allocator<void> >::SharedPtr)[m[Kâ€™:
[3.467s] [01m[K/home/ram-user/ASDFR/src/image_processing/src/light_tracker.cpp:25:24:[m[K [01;31m[Kerror: [m[Kâ€˜[01m[KPose2D[m[Kâ€™ is not a member of â€˜[01m[Kgeometry_msgs[m[Kâ€™; did you mean â€˜[01m[Kgeometry_msgs::msg::Pose2D[m[Kâ€™?
[3.467s]    25 |         geometry_msgs::[01;31m[KPose2D[m[K Pos;
[3.468s]       |                        [01;31m[K^~~~~~[m[K
[3.468s] In file included from [01m[K/opt/ros/humble/include/geometry_msgs/geometry_msgs/msg/pose2_d.hpp:7[m[K,
[3.468s]                  from [01m[K/home/ram-user/ASDFR/src/image_processing/src/light_tracker.cpp:6[m[K:
[3.468s] [01m[K/opt/ros/humble/include/geometry_msgs/geometry_msgs/msg/detail/pose2_d__struct.hpp:150:7:[m[K [01;36m[Knote: [m[Kâ€˜[01m[Kgeometry_msgs::msg::Pose2D[m[Kâ€™ declared here
[3.468s]   150 | using [01;36m[KPose2D[m[K =
[3.468s]       |       [01;36m[K^~~~~~[m[K
[3.485s] [01m[K/home/ram-user/ASDFR/src/image_processing/src/light_tracker.cpp:75:13:[m[K [01;31m[Kerror: [m[Kâ€˜[01m[KPos[m[Kâ€™ was not declared in this scope; did you mean â€˜[01m[Kcos[m[Kâ€™?
[3.485s]    75 |             [01;31m[KPos[m[K.x = keypoints[i].pt.x;
[3.485s]       |             [01;31m[K^~~[m[K
[3.485s]       |             [32m[Kcos[m[K
[3.495s] [01m[K/home/ram-user/ASDFR/src/image_processing/src/light_tracker.cpp:80:9:[m[K [01;31m[Kerror: [m[Kâ€˜[01m[Kpublisher_[m[Kâ€™ was not declared in this scope; did you mean â€˜[01m[Krmw_publisher_t[m[Kâ€™?
[3.495s]    80 |         [01;31m[Kpublisher_[m[K->publish(*Pos);
[3.495s]       |         [01;31m[K^~~~~~~~~~[m[K
[3.495s]       |         [32m[Krmw_publisher_t[m[K
[3.500s] [01m[K/home/ram-user/ASDFR/src/image_processing/src/light_tracker.cpp:80:30:[m[K [01;31m[Kerror: [m[Kâ€˜[01m[KPos[m[Kâ€™ was not declared in this scope; did you mean â€˜[01m[Kcos[m[Kâ€™?
[3.500s]    80 |         publisher_->publish(*[01;31m[KPos[m[K);
[3.500s]       |                              [01;31m[K^~~[m[K
[3.500s]       |                              [32m[Kcos[m[K
[6.366s] gmake[2]: *** [CMakeFiles/light_tracker.dir/build.make:76: CMakeFiles/light_tracker.dir/src/light_tracker.cpp.o] Error 1
[6.366s] gmake[1]: *** [CMakeFiles/Makefile2:221: CMakeFiles/light_tracker.dir/all] Error 2
[6.367s] gmake: *** [Makefile:146: all] Error 2
[6.368s] Invoked command in '/home/ram-user/ASDFR/build/image_processing' returned '2': CMAKE_PREFIX_PATH=/opt/ros/humble /usr/bin/cmake --build /home/ram-user/ASDFR/build/image_processing -- -j2 -l2
