[0.013s] Invoking command in '/home/ram-user/ASDFR/build/image_processing': CMAKE_PREFIX_PATH=${CMAKE_PREFIX_PATH}:/opt/ros/humble /usr/bin/cmake --build /home/ram-user/ASDFR/build/image_processing -- -j2 -l2
[0.052s] [35m[1mConsolidate compiler generated dependencies of target brightness_check[0m
[0.070s] [ 50%] [32mBuilding CXX object CMakeFiles/brightness_check.dir/src/brightness_check.cpp.o[0m
[0.451s] [01m[K/home/ram-user/ASDFR/src/image_processing/src/brightness_check.cpp:57:2:[m[K [01;31m[Kerror: [m[Kunterminated argument list invoking macro "RCLCPP_INFO"
[0.452s]    57 | }
[0.452s]       |  [01;31m[K^[m[K
[3.151s] [01m[K/home/ram-user/ASDFR/src/image_processing/src/brightness_check.cpp:23:16:[m[K [01;31m[Kerror: [m[Kexpected â€˜[01m[K}[m[Kâ€™ at end of input
[3.151s]    23 |     RCLCPP_INFO[01;31m[K([m[Kthis->get_logger(), "threshold %f!", darkness_threshold;
[3.151s]       |                [01;31m[K^[m[K
[3.151s] [01m[K/home/ram-user/ASDFR/src/image_processing/src/brightness_check.cpp:7:1:[m[K [01;36m[Knote: [m[Kto match this â€˜[01m[K{[m[Kâ€™
[3.151s]     7 | [01;36m[K{[m[K
[3.151s]       | [01;36m[K^[m[K
[3.164s] [01m[K/home/ram-user/ASDFR/src/image_processing/src/brightness_check.cpp:[m[K In constructor â€˜[01m[KImageBrightnessNode::ImageBrightnessNode()[m[Kâ€™:
[3.164s] [01m[K/home/ram-user/ASDFR/src/image_processing/src/brightness_check.cpp:13:5:[m[K [01;31m[Kerror: [m[Kâ€˜[01m[Ksubscription_[m[Kâ€™ was not declared in this scope; did you mean â€˜[01m[Krmw_subscription_t[m[Kâ€™?
[3.164s]    13 |     [01;31m[Ksubscription_[m[K = this->create_subscription<sensor_msgs::msg::Image>(
[3.164s]       |     [01;31m[K^~~~~~~~~~~~~[m[K
[3.164s]       |     [32m[Krmw_subscription_t[m[K
[3.228s] [01m[K/home/ram-user/ASDFR/src/image_processing/src/brightness_check.cpp:[m[K In member function â€˜[01m[Kvoid ImageBrightnessNode::image_callback(sensor_msgs::msg::Image_<std::allocator<void> >::SharedPtr)[m[Kâ€™:
[3.229s] [01m[K/home/ram-user/ASDFR/src/image_processing/src/brightness_check.cpp:23:5:[m[K [01;31m[Kerror: [m[Kâ€˜[01m[KRCLCPP_INFO[m[Kâ€™ was not declared in this scope
[3.229s]    23 |     [01;31m[KRCLCPP_INFO[m[K(this->get_logger(), "threshold %f!", darkness_threshold;
[3.229s]       |     [01;31m[K^~~~~~~~~~~[m[K
[3.229s] [01m[K/home/ram-user/ASDFR/src/image_processing/src/brightness_check.cpp:23:16:[m[K [01;31m[Kerror: [m[Kexpected â€˜[01m[K}[m[Kâ€™ at end of input
[3.229s]    23 |     RCLCPP_INFO[01;31m[K([m[Kthis->get_logger(), "threshold %f!", darkness_threshold;
[3.229s]       |                [01;31m[K^[m[K
[3.229s] [01m[K/home/ram-user/ASDFR/src/image_processing/src/brightness_check.cpp:19:3:[m[K [01;36m[Knote: [m[Kto match this â€˜[01m[K{[m[Kâ€™
[3.229s]    19 |   [01;36m[K{[m[K
[3.229s]       |   [01;36m[K^[m[K
[3.322s] [01m[K/home/ram-user/ASDFR/src/image_processing/src/brightness_check.cpp:20:12:[m[K [01;35m[Kwarning: [m[Kunused variable â€˜[01m[Kdarkness_threshold[m[Kâ€™ [[01;35m[K]8;;https://gcc.gnu.org/onlinedocs/gcc/Warning-Options.html#index-Wunused-variable-Wunused-variable]8;;[m[K]
[3.322s]    20 |     double [01;35m[Kdarkness_threshold[m[K =
[3.323s]       |            [01;35m[K^~~~~~~~~~~~~~~~~~[m[K
[3.325s] [01m[K/home/ram-user/ASDFR/src/image_processing/src/brightness_check.cpp:18:64:[m[K [01;35m[Kwarning: [m[Kunused parameter â€˜[01m[Kimage_msg[m[Kâ€™ [[01;35m[K]8;;https://gcc.gnu.org/onlinedocs/gcc/Warning-Options.html#index-Wunused-parameter-Wunused-parameter]8;;[m[K]
[3.326s]    18 | void image_callback([01;35m[Kconst sensor_msgs::msg::Image::SharedPtr image_msg[m[K)
[3.326s]       |                     [01;35m[K~~~~~~~~~~~~~~~~~~~~~~~~~~~~~~~~~~~~~~~~~^~~~~~~~~[m[K
[3.327s] 
[3.327s] [01m[K/home/ram-user/ASDFR/src/image_processing/src/brightness_check.cpp:[m[K At global scope:
[3.327s] [01m[K/home/ram-user/ASDFR/src/image_processing/src/brightness_check.cpp:23:16:[m[K [01;31m[Kerror: [m[Kexpected unqualified-id at end of input
[3.327s]    23 |     RCLCPP_INFO[01;31m[K([m[Kthis->get_logger(), "threshold %f!", darkness_threshold;
[3.328s]       |                [01;31m[K^[m[K
[6.048s] gmake[2]: *** [CMakeFiles/brightness_check.dir/build.make:76: CMakeFiles/brightness_check.dir/src/brightness_check.cpp.o] Error 1
[6.048s] gmake[1]: *** [CMakeFiles/Makefile2:137: CMakeFiles/brightness_check.dir/all] Error 2
[6.048s] gmake: *** [Makefile:146: all] Error 2
[6.051s] Invoked command in '/home/ram-user/ASDFR/build/image_processing' returned '2': CMAKE_PREFIX_PATH=${CMAKE_PREFIX_PATH}:/opt/ros/humble /usr/bin/cmake --build /home/ram-user/ASDFR/build/image_processing -- -j2 -l2
