[01m[K/home/ram-user/ASDFR/src/image_processing/src/light_tracker.cpp:[m[K In member function â€˜[01m[Kvoid LightTracker::image_callback(sensor_msgs::msg::Image_<std::allocator<void> >::SharedPtr)[m[Kâ€™:
[01m[K/home/ram-user/ASDFR/src/image_processing/src/light_tracker.cpp:28:9:[m[K [01;31m[Kerror: [m[Kâ€˜[01m[KSimpleBlobDetector[m[Kâ€™ was not declared in this scope; did you mean â€˜[01m[Kcv::SimpleBlobDetector[m[Kâ€™?
   28 |         [01;31m[KSimpleBlobDetector[m[K detector;
      |         [01;31m[K^~~~~~~~~~~~~~~~~~[m[K
      |         [32m[Kcv::SimpleBlobDetector[m[K
In file included from [01m[K/usr/include/opencv4/opencv2/calib3d.hpp:48[m[K,
                 from [01m[K/usr/include/opencv4/opencv2/opencv.hpp:56[m[K,
                 from [01m[K/home/ram-user/ASDFR/src/image_processing/src/light_tracker.cpp:3[m[K:
[01m[K/usr/include/opencv4/opencv2/features2d.hpp:695:20:[m[K [01;36m[Knote: [m[Kâ€˜[01m[Kcv::SimpleBlobDetector[m[Kâ€™ declared here
  695 | class CV_EXPORTS_W [01;36m[KSimpleBlobDetector[m[K : public Feature2D
      |                    [01;36m[K^~~~~~~~~~~~~~~~~~[m[K
[01m[K/home/ram-user/ASDFR/src/image_processing/src/light_tracker.cpp:31:21:[m[K [01;31m[Kerror: [m[Kâ€˜[01m[KKeyPoint[m[Kâ€™ was not declared in this scope; did you mean â€˜[01m[Kcv::KeyPoint[m[Kâ€™?
   31 |         std::vector<[01;31m[KKeyPoint[m[K> keypoints;
      |                     [01;31m[K^~~~~~~~[m[K
      |                     [32m[Kcv::KeyPoint[m[K
In file included from [01m[K/usr/include/opencv4/opencv2/core.hpp:57[m[K,
                 from [01m[K/usr/include/opencv4/opencv2/opencv.hpp:52[m[K,
                 from [01m[K/home/ram-user/ASDFR/src/image_processing/src/light_tracker.cpp:3[m[K:
[01m[K/usr/include/opencv4/opencv2/core/types.hpp:727:27:[m[K [01;36m[Knote: [m[Kâ€˜[01m[Kcv::KeyPoint[m[Kâ€™ declared here
  727 | class CV_EXPORTS_W_SIMPLE [01;36m[KKeyPoint[m[K
      |                           [01;36m[K^~~~~~~~[m[K
[01m[K/home/ram-user/ASDFR/src/image_processing/src/light_tracker.cpp:31:29:[m[K [01;31m[Kerror: [m[Ktemplate argument 1 is invalid
   31 |         std::vector<KeyPoint[01;31m[K>[m[K keypoints;
      |                             [01;31m[K^[m[K
[01m[K/home/ram-user/ASDFR/src/image_processing/src/light_tracker.cpp:31:29:[m[K [01;31m[Kerror: [m[Ktemplate argument 2 is invalid
[01m[K/home/ram-user/ASDFR/src/image_processing/src/light_tracker.cpp:32:13:[m[K [01;31m[Kerror: [m[Kâ€˜[01m[Kdetector[m[Kâ€™ is not a member of â€˜[01m[Kcv[m[Kâ€™
   32 |         cv::[01;31m[Kdetector[m[K.detect( image_th, keypoints);
      |             [01;31m[K^~~~~~~~[m[K
[01m[K/home/ram-user/ASDFR/src/image_processing/src/light_tracker.cpp:37:38:[m[K [01;31m[Kerror: [m[Kinvalid initialization of reference of type â€˜[01m[Kconst std::vector<cv::KeyPoint>&[m[Kâ€™ from expression of type â€˜[01m[Kint[m[Kâ€™
   37 |         cv::drawKeypoints( image_th, [01;31m[Kkeypoints[m[K, im_with_keypoints, cv::Scalar(0,0,255), cv::DrawMatchesFlags::DRAW_RICH_KEYPOINTS );
      |                                      [01;31m[K^~~~~~~~~[m[K
In file included from [01m[K/usr/include/opencv4/opencv2/calib3d.hpp:48[m[K,
                 from [01m[K/usr/include/opencv4/opencv2/opencv.hpp:56[m[K,
                 from [01m[K/home/ram-user/ASDFR/src/image_processing/src/light_tracker.cpp:3[m[K:
[01m[K/usr/include/opencv4/opencv2/features2d.hpp:1308:81:[m[K [01;36m[Knote: [m[Kin passing argument 2 of â€˜[01m[Kvoid cv::drawKeypoints(cv::InputArray, const std::vector<cv::KeyPoint>&, cv::InputOutputArray, const Scalar&, cv::DrawMatchesFlags)[m[Kâ€™
 1308 | awKeypoints( InputArray image, [01;36m[Kconst std::vector<KeyPoint>& keypoints[m[K, InputOutputArray outImage,
      |                                [01;36m[K~~~~~~~~~~~~~~~~~~~~~~~~~~~~~^~~~~~~~~[m[K

gmake[2]: *** [CMakeFiles/light_tracker.dir/build.make:76: CMakeFiles/light_tracker.dir/src/light_tracker.cpp.o] Error 1
gmake[1]: *** [CMakeFiles/Makefile2:221: CMakeFiles/light_tracker.dir/all] Error 2
gmake: *** [Makefile:146: all] Error 2
