[0.018s] Invoking command in '/home/ram-user/ASDFR/build/image_processing': CMAKE_PREFIX_PATH=${CMAKE_PREFIX_PATH}:/opt/ros/humble /usr/bin/cmake --build /home/ram-user/ASDFR/build/image_processing -- -j2 -l2
[0.076s] [ 20%] Built target brightness_check
[0.103s] [ 40%] Built target grayscaler
[0.136s] [ 60%] Built target brightmask
[0.148s] [35m[1mConsolidate compiler generated dependencies of target light_tracker[0m
[0.165s] [ 70%] [32mBuilding CXX object CMakeFiles/light_tracker.dir/src/light_tracker.cpp.o[0m
[3.353s] [01m[K/home/ram-user/ASDFR/src/image_processing/src/light_tracker.cpp:[m[K In member function â€˜[01m[Kvoid LightTracker::image_callback(sensor_msgs::msg::Image_<std::allocator<void> >::SharedPtr)[m[Kâ€™:
[3.353s] [01m[K/home/ram-user/ASDFR/src/image_processing/src/light_tracker.cpp:34:16:[m[K [01;31m[Kerror: [m[Kâ€˜[01m[Kstruct cv::SimpleBlobDetector::Params[m[Kâ€™ has no member named â€˜[01m[KfilterByThreshold[m[Kâ€™
[3.353s]    34 |         params.[01;31m[KfilterByThreshold[m[K = false;
[3.353s]       |                [01;31m[K^~~~~~~~~~~~~~~~~[m[K
[6.380s] gmake[2]: *** [CMakeFiles/light_tracker.dir/build.make:76: CMakeFiles/light_tracker.dir/src/light_tracker.cpp.o] Error 1
[6.380s] gmake[1]: *** [CMakeFiles/Makefile2:223: CMakeFiles/light_tracker.dir/all] Error 2
[6.380s] gmake: *** [Makefile:146: all] Error 2
[6.383s] Invoked command in '/home/ram-user/ASDFR/build/image_processing' returned '2': CMAKE_PREFIX_PATH=${CMAKE_PREFIX_PATH}:/opt/ros/humble /usr/bin/cmake --build /home/ram-user/ASDFR/build/image_processing -- -j2 -l2
