[0.024s] Invoking command in '/home/ram-user/ASDFR/src/ros2_nodes/src/build/jiwy_controller': CMAKE_PREFIX_PATH=/home/ram-user/ASDFR/src/ros2_nodes/src/install/asdfr_interfaces:/home/ram-user/ASDFR/src/ros2_nodes/src/install/jiwy_simulator:/home/ram-user/ASDFR/src/ros2_nodes/src/install/jiwy_controller:/home/ram-user/ASDFR/install/jiwy_simulator:/home/ram-user/ASDFR/install/image_processing:/home/ram-user/ASDFR/install/asdfr_interfaces:/opt/ros/humble /usr/bin/cmake --build /home/ram-user/ASDFR/src/ros2_nodes/src/build/jiwy_controller -- -j2 -l2
[0.116s] [35m[1mConsolidate compiler generated dependencies of target jiwy_controller[0m
[0.139s] [ 50%] [32mBuilding CXX object CMakeFiles/jiwy_controller.dir/src/jiwy_controller.cpp.o[0m
[2.572s] [01m[K/home/ram-user/ASDFR/src/ros2_nodes/src/jiwy_controller/src/jiwy_controller.cpp:40:62:[m[K [01;31m[Kerror: [m[Ktemplate argument 1 is invalid
[2.573s]    40 |   rclcpp::Publisher<asdfr_interfaces::msg::Point2::SharedPtr [01;31m[Kpublisher_[m[K;
[2.573s]       |                                                              [01;31m[K^~~~~~~~~~[m[K
[2.583s] [01m[K/home/ram-user/ASDFR/src/ros2_nodes/src/jiwy_controller/src/jiwy_controller.cpp:[m[K In constructor â€˜[01m[KJiwyControllerNode::JiwyControllerNode()[m[Kâ€™:
[2.583s] [01m[K/home/ram-user/ASDFR/src/ros2_nodes/src/jiwy_controller/src/jiwy_controller.cpp:23:5:[m[K [01;31m[Kerror: [m[Kâ€˜[01m[Kpublisher_[m[Kâ€™ was not declared in this scope; did you mean â€˜[01m[Krmw_publisher_t[m[Kâ€™?
[2.583s]    23 |     [01;31m[Kpublisher_[m[K = this->create_publisher<asdfr_interfaces::msg::Point2>("setpoint", 10);
[2.583s]       |     [01;31m[K^~~~~~~~~~[m[K
[2.583s]       |     [32m[Krmw_publisher_t[m[K
[2.596s] [01m[K/home/ram-user/ASDFR/src/ros2_nodes/src/jiwy_controller/src/jiwy_controller.cpp:24:38:[m[K [01;31m[Kerror: [m[Kunable to find numeric literal operator â€˜[01m[Koperator""ms[m[Kâ€™
[2.596s]    24 |     timer_ = this->create_wall_timer([01;31m[K500ms[m[K, std::bind(&JiwyControllerNode::timer_callback, this));
[2.596s]       |                                      [01;31m[K^~~~~[m[K
[2.596s] [01m[K/home/ram-user/ASDFR/src/ros2_nodes/src/jiwy_controller/src/jiwy_controller.cpp:24:76:[m[K [01;31m[Kerror: [m[Kâ€˜[01m[Ktimer_callback[m[Kâ€™ is not a member of â€˜[01m[KJiwyControllerNode[m[Kâ€™
[2.596s]    24 |     timer_ = this->create_wall_timer(500ms, std::bind(&JiwyControllerNode::[01;31m[Ktimer_callback[m[K, this));
[2.596s]       |                                                                            [01;31m[K^~~~~~~~~~~~~~[m[K
[2.603s] [01m[K/home/ram-user/ASDFR/src/ros2_nodes/src/jiwy_controller/src/jiwy_controller.cpp:[m[K In member function â€˜[01m[Kvoid JiwyControllerNode::image_callback()[m[Kâ€™:
[2.603s] [01m[K/home/ram-user/ASDFR/src/ros2_nodes/src/jiwy_controller/src/jiwy_controller.cpp:36:5:[m[K [01;31m[Kerror: [m[Kâ€˜[01m[Kpublisher_[m[Kâ€™ was not declared in this scope; did you mean â€˜[01m[Krmw_publisher_t[m[Kâ€™?
[2.603s]    36 |     [01;31m[Kpublisher_[m[K->publish(pos);
[2.603s]       |     [01;31m[K^~~~~~~~~~[m[K
[2.603s]       |     [32m[Krmw_publisher_t[m[K
[3.288s] gmake[2]: *** [CMakeFiles/jiwy_controller.dir/build.make:76: CMakeFiles/jiwy_controller.dir/src/jiwy_controller.cpp.o] Error 1
[3.288s] gmake[1]: *** [CMakeFiles/Makefile2:137: CMakeFiles/jiwy_controller.dir/all] Error 2
[3.288s] gmake: *** [Makefile:146: all] Error 2
[3.288s] Invoked command in '/home/ram-user/ASDFR/src/ros2_nodes/src/build/jiwy_controller' returned '2': CMAKE_PREFIX_PATH=/home/ram-user/ASDFR/src/ros2_nodes/src/install/asdfr_interfaces:/home/ram-user/ASDFR/src/ros2_nodes/src/install/jiwy_simulator:/home/ram-user/ASDFR/src/ros2_nodes/src/install/jiwy_controller:/home/ram-user/ASDFR/install/jiwy_simulator:/home/ram-user/ASDFR/install/image_processing:/home/ram-user/ASDFR/install/asdfr_interfaces:/opt/ros/humble /usr/bin/cmake --build /home/ram-user/ASDFR/src/ros2_nodes/src/build/jiwy_controller -- -j2 -l2
