[0.010s] Invoking command in '/home/ram-user/ASDFR/src/build/brightnode': CMAKE_PREFIX_PATH=/opt/ros/humble /usr/bin/cmake /home/ram-user/ASDFR/src/brightnode -DCMAKE_INSTALL_PREFIX=/home/ram-user/ASDFR/src/install/brightnode
[0.026s] -- Found ament_cmake: 1.3.3 (/opt/ros/humble/share/ament_cmake/cmake)
[0.170s] -- Found rclcpp: 16.0.3 (/opt/ros/humble/share/rclcpp/cmake)
[0.200s] -- Found rosidl_generator_c: 3.1.4 (/opt/ros/humble/share/rosidl_generator_c/cmake)
[0.203s] -- Found rosidl_adapter: 3.1.4 (/opt/ros/humble/share/rosidl_adapter/cmake)
[0.208s] -- Found rosidl_generator_cpp: 3.1.4 (/opt/ros/humble/share/rosidl_generator_cpp/cmake)
[0.219s] -- Using all available rosidl_typesupport_c: rosidl_typesupport_fastrtps_c;rosidl_typesupport_introspection_c
[0.234s] -- Using all available rosidl_typesupport_cpp: rosidl_typesupport_fastrtps_cpp;rosidl_typesupport_introspection_cpp
[0.295s] -- Found rmw_implementation_cmake: 6.1.1 (/opt/ros/humble/share/rmw_implementation_cmake/cmake)
[0.296s] -- Found rmw_fastrtps_cpp: 6.2.2 (/opt/ros/humble/share/rmw_fastrtps_cpp/cmake)
[0.526s] -- Using RMW implementation 'rmw_fastrtps_cpp' as default
[0.734s] -- Found OpenCV: /usr (found version "4.5.4") 
[0.881s] -- Configuring done
[0.921s] -- Generating done
[0.922s] -- Build files have been written to: /home/ram-user/ASDFR/src/build/brightnode
[0.930s] Invoked command in '/home/ram-user/ASDFR/src/build/brightnode' returned '0': CMAKE_PREFIX_PATH=/opt/ros/humble /usr/bin/cmake /home/ram-user/ASDFR/src/brightnode -DCMAKE_INSTALL_PREFIX=/home/ram-user/ASDFR/src/install/brightnode
[0.930s] Invoking command in '/home/ram-user/ASDFR/src/build/brightnode': CMAKE_PREFIX_PATH=/opt/ros/humble /usr/bin/cmake --build /home/ram-user/ASDFR/src/build/brightnode -- -j2 -l2
[0.977s] [ 50%] [32mBuilding CXX object CMakeFiles/Mrbrightside.dir/src/Brightness_check.cpp.o[0m
[2.375s] [01m[K/home/ram-user/ASDFR/src/brightnode/src/Brightness_check.cpp:11:10:[m[K [01;31m[Kfatal error: [m[KOpenCV/OpenCV.hpp: No such file or directory
[2.375s]    11 | #include [01;31m[K<OpenCV/OpenCV.hpp>[m[K
[2.375s]       |          [01;31m[K^~~~~~~~~~~~~~~~~~~[m[K
[2.375s] compilation terminated.
[2.377s] gmake[2]: *** [CMakeFiles/Mrbrightside.dir/build.make:76: CMakeFiles/Mrbrightside.dir/src/Brightness_check.cpp.o] Error 1
[2.378s] gmake[1]: *** [CMakeFiles/Makefile2:137: CMakeFiles/Mrbrightside.dir/all] Error 2
[2.378s] gmake: *** [Makefile:146: all] Error 2
[2.380s] Invoked command in '/home/ram-user/ASDFR/src/build/brightnode' returned '2': CMAKE_PREFIX_PATH=/opt/ros/humble /usr/bin/cmake --build /home/ram-user/ASDFR/src/build/brightnode -- -j2 -l2
