-- Found ament_cmake: 1.3.3 (/opt/ros/humble/share/ament_cmake/cmake)
-- Found rclcpp: 16.0.3 (/opt/ros/humble/share/rclcpp/cmake)
-- Found rosidl_generator_c: 3.1.4 (/opt/ros/humble/share/rosidl_generator_c/cmake)
-- Found rosidl_adapter: 3.1.4 (/opt/ros/humble/share/rosidl_adapter/cmake)
-- Found rosidl_generator_cpp: 3.1.4 (/opt/ros/humble/share/rosidl_generator_cpp/cmake)
-- Using all available rosidl_typesupport_c: rosidl_typesupport_fastrtps_c;rosidl_typesupport_introspection_c
-- Using all available rosidl_typesupport_cpp: rosidl_typesupport_fastrtps_cpp;rosidl_typesupport_introspection_cpp
-- Found rmw_implementation_cmake: 6.1.1 (/opt/ros/humble/share/rmw_implementation_cmake/cmake)
-- Found rmw_fastrtps_cpp: 6.2.2 (/opt/ros/humble/share/rmw_fastrtps_cpp/cmake)
-- Using RMW implementation 'rmw_fastrtps_cpp' as default
-- Found sensor_msgs: 4.2.3 (/opt/ros/humble/share/sensor_msgs/cmake)
-- Found asdfr_interfaces: 0.0.0 (/home/ram-user/ASDFR/src/ros2_nodes/src/install/asdfr_interfaces/share/asdfr_interfaces/cmake)
-- Found ament_lint_auto: 0.12.5 (/opt/ros/humble/share/ament_lint_auto/cmake)
-- Added test 'cppcheck' to perform static code analysis on C / C++ code
-- Configured cppcheck include dirs: $<BUILD_INTERFACE:/home/ram-user/ASDFR/src/ros2_nodes/src/jiwy_controller/include>
-- Configured cppcheck exclude dirs and/or files: 
-- Added test 'lint_cmake' to check CMake code style
-- Added test 'uncrustify' to check C / C++ code style
-- Configured uncrustify additional arguments: 
-- Added test 'xmllint' to check XML markup files
-- Configuring done
-- Generating done
-- Build files have been written to: /home/ram-user/ASDFR/src/ros2_nodes/src/build/jiwy_controller
[35m[1mConsolidate compiler generated dependencies of target jiwy_controller[0m
[ 25%] [32mBuilding CXX object CMakeFiles/simplesub.dir/src/SimpleSub.cpp.o[0m
[ 75%] Built target jiwy_controller
In file included from [01m[K/opt/ros/humble/include/rclcpp/rclcpp/logging.hpp:24[m[K,
                 from [01m[K/opt/ros/humble/include/rclcpp/rclcpp/client.hpp:40[m[K,
                 from [01m[K/opt/ros/humble/include/rclcpp/rclcpp/callback_group.hpp:24[m[K,
                 from [01m[K/opt/ros/humble/include/rclcpp/rclcpp/any_executable.hpp:20[m[K,
                 from [01m[K/opt/ros/humble/include/rclcpp/rclcpp/memory_strategy.hpp:25[m[K,
                 from [01m[K/opt/ros/humble/include/rclcpp/rclcpp/memory_strategies.hpp:18[m[K,
                 from [01m[K/opt/ros/humble/include/rclcpp/rclcpp/executor_options.hpp:20[m[K,
                 from [01m[K/opt/ros/humble/include/rclcpp/rclcpp/executor.hpp:37[m[K,
                 from [01m[K/opt/ros/humble/include/rclcpp/rclcpp/executors/multi_threaded_executor.hpp:25[m[K,
                 from [01m[K/opt/ros/humble/include/rclcpp/rclcpp/executors.hpp:21[m[K,
                 from [01m[K/opt/ros/humble/include/rclcpp/rclcpp/rclcpp.hpp:155[m[K,
                 from [01m[K/home/ram-user/ASDFR/src/ros2_nodes/src/jiwy_controller/src/SimpleSub.cpp:7[m[K:
[01m[K/home/ram-user/ASDFR/src/ros2_nodes/src/jiwy_controller/src/SimpleSub.cpp:[m[K In member function â€˜[01m[Kvoid MinimalSubscriber::pos_callback(asdfr_interfaces::msg::Point2_<std::allocator<void> >::SharedPtr)[m[Kâ€™:
[01m[K/home/ram-user/ASDFR/src/ros2_nodes/src/jiwy_controller/src/SimpleSub.cpp:38:63:[m[K [01;31m[Kerror: [m[Kâ€˜[01m[Kconst SharedPtr[m[Kâ€™ {aka â€˜[01m[Kconst class std::shared_ptr<asdfr_interfaces::msg::Point2_<std::allocator<void> > >[m[Kâ€™} has no member named â€˜[01m[Kx[m[Kâ€™
   38 |       RCLCPP_INFO(this->get_logger(), "x y: '%f and %f'", pos.[01;31m[Kx[m[K, pos.y);
      |                                                               [01;31m[K^[m[K
[01m[K/home/ram-user/ASDFR/src/ros2_nodes/src/jiwy_controller/src/SimpleSub.cpp:38:70:[m[K [01;31m[Kerror: [m[Kâ€˜[01m[Kconst SharedPtr[m[Kâ€™ {aka â€˜[01m[Kconst class std::shared_ptr<asdfr_interfaces::msg::Point2_<std::allocator<void> > >[m[Kâ€™} has no member named â€˜[01m[Ky[m[Kâ€™
   38 |       RCLCPP_INFO(this->get_logger(), "x y: '%f and %f'", pos.x, pos.[01;31m[Ky[m[K);
      |                                                                      [01;31m[K^[m[K
[01m[K/home/ram-user/ASDFR/src/ros2_nodes/src/jiwy_controller/src/SimpleSub.cpp:[m[K In member function â€˜[01m[Kvoid MinimalSubscriber::moving_cam_callback(sensor_msgs::msg::Image_<std::allocator<void> >::SharedPtr)[m[Kâ€™:
[01m[K/home/ram-user/ASDFR/src/ros2_nodes/src/jiwy_controller/src/SimpleSub.cpp:44:7:[m[K [01;31m[Kerror: [m[Kâ€˜[01m[Kcv[m[Kâ€™ has not been declared
   44 |       [01;31m[Kcv[m[K::Mat image = cv_bridge::toCvCopy(img,  "rgb8")->image;
      |       [01;31m[K^~[m[K
[01m[K/home/ram-user/ASDFR/src/ros2_nodes/src/jiwy_controller/src/SimpleSub.cpp:47:7:[m[K [01;31m[Kerror: [m[Kâ€˜[01m[Kcv[m[Kâ€™ has not been declared
   47 |       [01;31m[Kcv[m[K::imshow("im_jiwy", image);
      |       [01;31m[K^~[m[K
[01m[K/home/ram-user/ASDFR/src/ros2_nodes/src/jiwy_controller/src/SimpleSub.cpp:47:29:[m[K [01;31m[Kerror: [m[Kâ€˜[01m[Kimage[m[Kâ€™ was not declared in this scope; did you mean â€˜[01m[Kimg[m[Kâ€™?
   47 |       cv::imshow("im_jiwy", [01;31m[Kimage[m[K);
      |                             [01;31m[K^~~~~[m[K
      |                             [32m[Kimg[m[K
[01m[K/home/ram-user/ASDFR/src/ros2_nodes/src/jiwy_controller/src/SimpleSub.cpp:48:7:[m[K [01;31m[Kerror: [m[Kâ€˜[01m[Kcv[m[Kâ€™ has not been declared
   48 |       [01;31m[Kcv[m[K::waitKey(1);
      |       [01;31m[K^~[m[K
[01m[K/home/ram-user/ASDFR/src/ros2_nodes/src/jiwy_controller/src/SimpleSub.cpp:41:71:[m[K [01;35m[Kwarning: [m[Kunused parameter â€˜[01m[Kimg[m[Kâ€™ [[01;35m[K]8;;https://gcc.gnu.org/onlinedocs/gcc/Warning-Options.html#index-Wunused-parameter-Wunused-parameter]8;;[m[K]
   41 |     void moving_cam_callback([01;35m[Kconst sensor_msgs::msg::Image::SharedPtr img[m[K)
      |                              [01;35m[K~~~~~~~~~~~~~~~~~~~~~~~~~~~~~~~~~~~~~~~~~^~~[m[K
gmake[2]: *** [CMakeFiles/simplesub.dir/build.make:76: CMakeFiles/simplesub.dir/src/SimpleSub.cpp.o] Error 1
gmake[1]: *** [CMakeFiles/Makefile2:165: CMakeFiles/simplesub.dir/all] Error 2
gmake: *** [Makefile:146: all] Error 2
