[35m[1mConsolidate compiler generated dependencies of target jiwy_controller[0m
[ 50%] [32mBuilding CXX object CMakeFiles/jiwy_controller.dir/src/jiwy_controller.cpp.o[0m
[01m[K/home/ram-user/ASDFR/src/ros2_nodes/src/jiwy_controller/src/jiwy_controller.cpp:[m[K In constructor â€˜[01m[KJiwyControllerNode::JiwyControllerNode()[m[Kâ€™:
[01m[K/home/ram-user/ASDFR/src/ros2_nodes/src/jiwy_controller/src/jiwy_controller.cpp:31:38:[m[K [01;31m[Kerror: [m[Kunable to find numeric literal operator â€˜[01m[Koperator""ms[m[Kâ€™
   31 |     timer_ = this->create_wall_timer([01;31m[K500ms[m[K, std::bind(&JiwyControllerNode::timer_callback, this));
      |                                      [01;31m[K^~~~~[m[K
gmake[2]: *** [CMakeFiles/jiwy_controller.dir/build.make:76: CMakeFiles/jiwy_controller.dir/src/jiwy_controller.cpp.o] Error 1
gmake[1]: *** [CMakeFiles/Makefile2:137: CMakeFiles/jiwy_controller.dir/all] Error 2
gmake: *** [Makefile:146: all] Error 2
