[01m[K/home/ram-user/ASDFR/src/image_processing/src/SimpleSub.cpp:18:31:[m[K [01;31m[Kerror: [m[Kâ€˜[01m[Kgeometry_msgs[m[Kâ€™ does not name a type
   18 |     void topic_callback(const [01;31m[Kgeometry_msgs[m[K::msg::Pose2D::SharedPtr msg) const
      |                               [01;31m[K^~~~~~~~~~~~~[m[K
[01m[K/home/ram-user/ASDFR/src/image_processing/src/SimpleSub.cpp:18:49:[m[K [01;31m[Kerror: [m[Kexpected unqualified-id before â€˜[01m[K::[m[Kâ€™ token
   18 |     void topic_callback(const geometry_msgs::msg[01;31m[K::[m[KPose2D::SharedPtr msg) const
      |                                                 [01;31m[K^~[m[K
[01m[K/home/ram-user/ASDFR/src/image_processing/src/SimpleSub.cpp:18:49:[m[K [01;31m[Kerror: [m[Kexpected â€˜[01m[K)[m[Kâ€™ before â€˜[01m[K::[m[Kâ€™ token
   18 |     void topic_callback[34m[K([m[Kconst geometry_msgs::msg[01;31m[K:[m[K[32m[K:[m[KPose2D::SharedPtr msg) const
      |                        [34m[K~[m[K                        [01;31m[K^[m[K[32m[K~[m[K
      |                                                 [32m[K)[m[K
[01m[K/home/ram-user/ASDFR/src/image_processing/src/SimpleSub.cpp:18:46:[m[K [01;31m[Kerror: [m[Kexpected â€˜[01m[K;[m[Kâ€™ at end of member declaration
   18 |     void topic_callback(const geometry_msgs::[01;31m[Kmsg[m[K::Pose2D::SharedPtr msg) const
      |                                              [01;31m[K^~~[m[K
      |                                                 [32m[K;[m[K
[01m[K/home/ram-user/ASDFR/src/image_processing/src/SimpleSub.cpp:18:51:[m[K [01;31m[Kerror: [m[Kâ€˜[01m[KPose2D[m[Kâ€™ in namespace â€˜[01m[K::[m[Kâ€™ does not name a type
   18 |     void topic_callback(const geometry_msgs::msg::[01;31m[KPose2D[m[K::SharedPtr msg) const
      |                                                   [01;31m[K^~~~~~[m[K
[01m[K/home/ram-user/ASDFR/src/image_processing/src/SimpleSub.cpp:22:26:[m[K [01;31m[Kerror: [m[Kâ€˜[01m[Kgeometry_msgs[m[Kâ€™ was not declared in this scope
   22 |     rclcpp::Subscription<[01;31m[Kgeometry_msgs[m[K::msg::Pose2D>::SharedPtr subscription_;
      |                          [01;31m[K^~~~~~~~~~~~~[m[K
[01m[K/home/ram-user/ASDFR/src/image_processing/src/SimpleSub.cpp:22:52:[m[K [01;31m[Kerror: [m[Ktemplate argument 1 is invalid
   22 |     rclcpp::Subscription<geometry_msgs::msg::Pose2D[01;31m[K>[m[K::SharedPtr subscription_;
      |                                                    [01;31m[K^[m[K
[01m[K/home/ram-user/ASDFR/src/image_processing/src/SimpleSub.cpp:22:52:[m[K [01;31m[Kerror: [m[Ktemplate argument 3 is invalid
[01m[K/home/ram-user/ASDFR/src/image_processing/src/SimpleSub.cpp:22:52:[m[K [01;31m[Kerror: [m[Ktemplate argument 4 is invalid
[01m[K/home/ram-user/ASDFR/src/image_processing/src/SimpleSub.cpp:22:52:[m[K [01;31m[Kerror: [m[Ktemplate argument 5 is invalid
[01m[K/home/ram-user/ASDFR/src/image_processing/src/SimpleSub.cpp:22:55:[m[K [01;31m[Kerror: [m[Kexpected â€˜[01m[K;[m[Kâ€™ at end of member declaration
   22 |     rclcpp::Subscription<geometry_msgs::msg::Pose2D>::[01;31m[KSharedPtr[m[K subscription_;
      |                                                       [01;31m[K^~~~~~~~~[m[K
      |                                                                [32m[K;[m[K
[01m[K/home/ram-user/ASDFR/src/image_processing/src/SimpleSub.cpp:22:65:[m[K [01;31m[Kerror: [m[Kâ€˜[01m[Ksubscription_[m[Kâ€™ does not name a type; did you mean â€˜[01m[Krmw_subscription_t[m[Kâ€™?
   22 | rclcpp::Subscription<geometry_msgs::msg::Pose2D>::SharedPtr [01;31m[Ksubscription_[m[K;
      |                                                             [01;31m[K^~~~~~~~~~~~~[m[K
      |                                                             [32m[Krmw_subscription_t[m[K
[01m[K/home/ram-user/ASDFR/src/image_processing/src/SimpleSub.cpp:[m[K In constructor â€˜[01m[KMinimalSubscriber::MinimalSubscriber()[m[Kâ€™:
[01m[K/home/ram-user/ASDFR/src/image_processing/src/SimpleSub.cpp:13:7:[m[K [01;31m[Kerror: [m[Kâ€˜[01m[Ksubscription_[m[Kâ€™ was not declared in this scope; did you mean â€˜[01m[Krmw_subscription_t[m[Kâ€™?
   13 |       [01;31m[Ksubscription_[m[K = this->create_subscription<geometry_msgs::msg::Pose2D>(
      |       [01;31m[K^~~~~~~~~~~~~[m[K
      |       [32m[Krmw_subscription_t[m[K
[01m[K/home/ram-user/ASDFR/src/image_processing/src/SimpleSub.cpp:13:49:[m[K [01;31m[Kerror: [m[Kâ€˜[01m[Kgeometry_msgs[m[Kâ€™ was not declared in this scope
   13 |       subscription_ = this->create_subscription<[01;31m[Kgeometry_msgs[m[K::msg::Pose2D>(
      |                                                 [01;31m[K^~~~~~~~~~~~~[m[K
[01m[K/home/ram-user/ASDFR/src/image_processing/src/SimpleSub.cpp:13:29:[m[K [01;31m[Kerror: [m[Kparse error in template argument list
   13 |       subscription_ = this->[01;31m[Kcreate_subscription<geometry_msgs::msg::Pose2D>[m[K(
      |                             [01;31m[K^~~~~~~~~~~~~~~~~~~~~~~~~~~~~~~~~~~~~~~~~~~~~~~[m[K
[01m[K/home/ram-user/ASDFR/src/image_processing/src/SimpleSub.cpp:13:76:[m[K [01;31m[Kerror: [m[Kno matching function for call to â€˜[01m[KMinimalSubscriber::create_subscription<<expression error> >(const char [5], int, std::_Bind_helper<false, void (MinimalSubscriber::*)(...), MinimalSubscriber*, const std::_Placeholder<1>&>::type)[m[Kâ€™
   13 |  subscription_ = [01;31m[Kthis->create_subscription<geometry_msgs::msg::Pose2D>([m[K
      |                  [01;31m[K~~~~~~~~~~~~~~~~~~~~~~~~~~~~~~~~~~~~~~~~~~~~~~~~~~~~~^[m[K

   14 | [01;31m[K "COGL", 10, std::bind(&MinimalSubscriber::topic_callback, this, _1))[m[K;
      |  [01;31m[K~~~~~~~~~~~~~~~~~~~~~~~~~~~~~~~~~~~~~~~~~~~~~~~~~~~~~~~~~~~~~~~~~~~~[m[K  

In file included from [01m[K/opt/ros/humble/include/rclcpp/rclcpp/executors/single_threaded_executor.hpp:28[m[K,
                 from [01m[K/opt/ros/humble/include/rclcpp/rclcpp/executors.hpp:22[m[K,
                 from [01m[K/opt/ros/humble/include/rclcpp/rclcpp/rclcpp.hpp:155[m[K,
                 from [01m[K/home/ram-user/ASDFR/src/image_processing/src/SimpleSub.cpp:3[m[K:
[01m[K/opt/ros/humble/include/rclcpp/rclcpp/node.hpp:219:3:[m[K [01;36m[Knote: [m[Kcandidate: â€˜[01m[Ktemplate<class MessageT, class CallbackT, class AllocatorT, class SubscriptionT, class MessageMemoryStrategyT> std::shared_ptr<ROSMessageT> rclcpp::Node::create_subscription(const string&, const rclcpp::QoS&, CallbackT&&, const rclcpp::SubscriptionOptionsWithAllocator<AllocatorT>&, typename MessageMemoryStrategyT::SharedPtr)[m[Kâ€™
  219 |   [01;36m[Kcreate_subscription[m[K(
      |   [01;36m[K^~~~~~~~~~~~~~~~~~~[m[K
[01m[K/opt/ros/humble/include/rclcpp/rclcpp/node.hpp:219:3:[m[K [01;36m[Knote: [m[K  template argument deduction/substitution failed:
[01m[K/home/ram-user/ASDFR/src/image_processing/src/SimpleSub.cpp:13:76:[m[K [01;31m[Kerror: [m[Ktemplate argument 1 is invalid
   13 |  subscription_ = [01;31m[Kthis->create_subscription<geometry_msgs::msg::Pose2D>([m[K
      |                  [01;31m[K~~~~~~~~~~~~~~~~~~~~~~~~~~~~~~~~~~~~~~~~~~~~~~~~~~~~~^[m[K

   14 | [01;31m[K "COGL", 10, std::bind(&MinimalSubscriber::topic_callback, this, _1))[m[K;
      |  [01;31m[K~~~~~~~~~~~~~~~~~~~~~~~~~~~~~~~~~~~~~~~~~~~~~~~~~~~~~~~~~~~~~~~~~~~~[m[K  

gmake[2]: *** [CMakeFiles/SimpleSub.dir/build.make:76: CMakeFiles/SimpleSub.dir/src/SimpleSub.cpp.o] Error 1
gmake[1]: *** [CMakeFiles/Makefile2:249: CMakeFiles/SimpleSub.dir/all] Error 2
gmake: *** [Makefile:146: all] Error 2
