-- Found ament_cmake: 1.3.3 (/opt/ros/humble/share/ament_cmake/cmake)
-- Found rclcpp: 16.0.3 (/opt/ros/humble/share/rclcpp/cmake)
-- Found rosidl_generator_c: 3.1.4 (/opt/ros/humble/share/rosidl_generator_c/cmake)
-- Found rosidl_adapter: 3.1.4 (/opt/ros/humble/share/rosidl_adapter/cmake)
-- Found rosidl_generator_cpp: 3.1.4 (/opt/ros/humble/share/rosidl_generator_cpp/cmake)
-- Using all available rosidl_typesupport_c: rosidl_typesupport_fastrtps_c;rosidl_typesupport_introspection_c
-- Using all available rosidl_typesupport_cpp: rosidl_typesupport_fastrtps_cpp;rosidl_typesupport_introspection_cpp
-- Found rmw_implementation_cmake: 6.1.1 (/opt/ros/humble/share/rmw_implementation_cmake/cmake)
-- Found rmw_fastrtps_cpp: 6.2.2 (/opt/ros/humble/share/rmw_fastrtps_cpp/cmake)
-- Using RMW implementation 'rmw_fastrtps_cpp' as default
-- Found geometry_msgs: 4.2.3 (/opt/ros/humble/share/geometry_msgs/cmake)
-- Found sensor_msgs: 4.2.3 (/opt/ros/humble/share/sensor_msgs/cmake)
-- Found cv_bridge: 3.2.1 (/opt/ros/humble/share/cv_bridge/cmake)
-- Found image_tools: 0.20.3 (/opt/ros/humble/share/image_tools/cmake)
-- Configuring done
-- Generating done
-- Build files have been written to: /home/ram-user/ASDFR/build/image_processing
[35m[1mConsolidate compiler generated dependencies of target brightness_check[0m
[35m[1mConsolidate compiler generated dependencies of target grayscaler[0m
[ 20%] Built target brightness_check
[ 40%] Built target grayscaler
[35m[1mConsolidate compiler generated dependencies of target brightmask[0m
[35m[1mConsolidate compiler generated dependencies of target light_tracker[0m
[ 60%] Built target brightmask
[ 80%] Built target light_tracker
[ 90%] [32mBuilding CXX object CMakeFiles/SimpleSub.dir/src/SimpleSub.cpp.o[0m
[01m[K/home/ram-user/ASDFR/src/image_processing/src/SimpleSub.cpp:18:31:[m[K [01;31m[Kerror: [m[Kâ€˜[01m[Kgeometry_msgs[m[Kâ€™ does not name a type
   18 |     void topic_callback(const [01;31m[Kgeometry_msgs[m[K::msg::Pose2D::SharedPtr msg) const
      |                               [01;31m[K^~~~~~~~~~~~~[m[K
[01m[K/home/ram-user/ASDFR/src/image_processing/src/SimpleSub.cpp:18:49:[m[K [01;31m[Kerror: [m[Kexpected unqualified-id before â€˜[01m[K::[m[Kâ€™ token
   18 |     void topic_callback(const geometry_msgs::msg[01;31m[K::[m[KPose2D::SharedPtr msg) const
      |                                                 [01;31m[K^~[m[K
[01m[K/home/ram-user/ASDFR/src/image_processing/src/SimpleSub.cpp:18:49:[m[K [01;31m[Kerror: [m[Kexpected â€˜[01m[K)[m[Kâ€™ before â€˜[01m[K::[m[Kâ€™ token
   18 |     void topic_callback[34m[K([m[Kconst geometry_msgs::msg[01;31m[K:[m[K[32m[K:[m[KPose2D::SharedPtr msg) const
      |                        [34m[K~[m[K                        [01;31m[K^[m[K[32m[K~[m[K
      |                                                 [32m[K)[m[K
[01m[K/home/ram-user/ASDFR/src/image_processing/src/SimpleSub.cpp:18:46:[m[K [01;31m[Kerror: [m[Kexpected â€˜[01m[K;[m[Kâ€™ at end of member declaration
   18 |     void topic_callback(const geometry_msgs::[01;31m[Kmsg[m[K::Pose2D::SharedPtr msg) const
      |                                              [01;31m[K^~~[m[K
      |                                                 [32m[K;[m[K
[01m[K/home/ram-user/ASDFR/src/image_processing/src/SimpleSub.cpp:18:51:[m[K [01;31m[Kerror: [m[Kâ€˜[01m[KPose2D[m[Kâ€™ in namespace â€˜[01m[K::[m[Kâ€™ does not name a type
   18 |     void topic_callback(const geometry_msgs::msg::[01;31m[KPose2D[m[K::SharedPtr msg) const
      |                                                   [01;31m[K^~~~~~[m[K
[01m[K/home/ram-user/ASDFR/src/image_processing/src/SimpleSub.cpp:22:26:[m[K [01;31m[Kerror: [m[Kâ€˜[01m[Kgeometry_msgs[m[Kâ€™ was not declared in this scope
   22 |     rclcpp::Subscription<[01;31m[Kgeometry_msgs[m[K::msg::Pose2D>::SharedPtr subscription_;
      |                          [01;31m[K^~~~~~~~~~~~~[m[K
[01m[K/home/ram-user/ASDFR/src/image_processing/src/SimpleSub.cpp:22:52:[m[K [01;31m[Kerror: [m[Ktemplate argument 1 is invalid
   22 |     rclcpp::Subscription<geometry_msgs::msg::Pose2D[01;31m[K>[m[K::SharedPtr subscription_;
      |                                                    [01;31m[K^[m[K
[01m[K/home/ram-user/ASDFR/src/image_processing/src/SimpleSub.cpp:22:52:[m[K [01;31m[Kerror: [m[Ktemplate argument 3 is invalid
[01m[K/home/ram-user/ASDFR/src/image_processing/src/SimpleSub.cpp:22:52:[m[K [01;31m[Kerror: [m[Ktemplate argument 4 is invalid
[01m[K/home/ram-user/ASDFR/src/image_processing/src/SimpleSub.cpp:22:52:[m[K [01;31m[Kerror: [m[Ktemplate argument 5 is invalid
[01m[K/home/ram-user/ASDFR/src/image_processing/src/SimpleSub.cpp:22:55:[m[K [01;31m[Kerror: [m[Kexpected â€˜[01m[K;[m[Kâ€™ at end of member declaration
   22 |     rclcpp::Subscription<geometry_msgs::msg::Pose2D>::[01;31m[KSharedPtr[m[K subscription_;
      |                                                       [01;31m[K^~~~~~~~~[m[K
      |                                                                [32m[K;[m[K
[01m[K/home/ram-user/ASDFR/src/image_processing/src/SimpleSub.cpp:22:65:[m[K [01;31m[Kerror: [m[Kâ€˜[01m[Ksubscription_[m[Kâ€™ does not name a type; did you mean â€˜[01m[Krmw_subscription_t[m[Kâ€™?
   22 | rclcpp::Subscription<geometry_msgs::msg::Pose2D>::SharedPtr [01;31m[Ksubscription_[m[K;
      |                                                             [01;31m[K^~~~~~~~~~~~~[m[K
      |                                                             [32m[Krmw_subscription_t[m[K
[01m[K/home/ram-user/ASDFR/src/image_processing/src/SimpleSub.cpp:[m[K In constructor â€˜[01m[KMinimalSubscriber::MinimalSubscriber()[m[Kâ€™:
[01m[K/home/ram-user/ASDFR/src/image_processing/src/SimpleSub.cpp:13:7:[m[K [01;31m[Kerror: [m[Kâ€˜[01m[Ksubscription_[m[Kâ€™ was not declared in this scope; did you mean â€˜[01m[Krmw_subscription_t[m[Kâ€™?
   13 |       [01;31m[Ksubscription_[m[K = this->create_subscription<geometry_msgs::msg::Pose2D>(
      |       [01;31m[K^~~~~~~~~~~~~[m[K
      |       [32m[Krmw_subscription_t[m[K
[01m[K/home/ram-user/ASDFR/src/image_processing/src/SimpleSub.cpp:13:49:[m[K [01;31m[Kerror: [m[Kâ€˜[01m[Kgeometry_msgs[m[Kâ€™ was not declared in this scope
   13 |       subscription_ = this->create_subscription<[01;31m[Kgeometry_msgs[m[K::msg::Pose2D>(
      |                                                 [01;31m[K^~~~~~~~~~~~~[m[K
[01m[K/home/ram-user/ASDFR/src/image_processing/src/SimpleSub.cpp:13:29:[m[K [01;31m[Kerror: [m[Kparse error in template argument list
   13 |       subscription_ = this->[01;31m[Kcreate_subscription<geometry_msgs::msg::Pose2D>[m[K(
      |                             [01;31m[K^~~~~~~~~~~~~~~~~~~~~~~~~~~~~~~~~~~~~~~~~~~~~~~[m[K
[01m[K/home/ram-user/ASDFR/src/image_processing/src/SimpleSub.cpp:13:76:[m[K [01;31m[Kerror: [m[Kno matching function for call to â€˜[01m[KMinimalSubscriber::create_subscription<<expression error> >(const char [5], int, std::_Bind_helper<false, void (MinimalSubscriber::*)(...), MinimalSubscriber*, const std::_Placeholder<1>&>::type)[m[Kâ€™
   13 |  subscription_ = [01;31m[Kthis->create_subscription<geometry_msgs::msg::Pose2D>([m[K
      |                  [01;31m[K~~~~~~~~~~~~~~~~~~~~~~~~~~~~~~~~~~~~~~~~~~~~~~~~~~~~~^[m[K

   14 | [01;31m[K "COGL", 10, std::bind(&MinimalSubscriber::topic_callback, this, _1))[m[K;
      |  [01;31m[K~~~~~~~~~~~~~~~~~~~~~~~~~~~~~~~~~~~~~~~~~~~~~~~~~~~~~~~~~~~~~~~~~~~~[m[K  

In file included from [01m[K/opt/ros/humble/include/rclcpp/rclcpp/executors/single_threaded_executor.hpp:28[m[K,
                 from [01m[K/opt/ros/humble/include/rclcpp/rclcpp/executors.hpp:22[m[K,
                 from [01m[K/opt/ros/humble/include/rclcpp/rclcpp/rclcpp.hpp:155[m[K,
                 from [01m[K/home/ram-user/ASDFR/src/image_processing/src/SimpleSub.cpp:3[m[K:
[01m[K/opt/ros/humble/include/rclcpp/rclcpp/node.hpp:219:3:[m[K [01;36m[Knote: [m[Kcandidate: â€˜[01m[Ktemplate<class MessageT, class CallbackT, class AllocatorT, class SubscriptionT, class MessageMemoryStrategyT> std::shared_ptr<ROSMessageT> rclcpp::Node::create_subscription(const string&, const rclcpp::QoS&, CallbackT&&, const rclcpp::SubscriptionOptionsWithAllocator<AllocatorT>&, typename MessageMemoryStrategyT::SharedPtr)[m[Kâ€™
  219 |   [01;36m[Kcreate_subscription[m[K(
      |   [01;36m[K^~~~~~~~~~~~~~~~~~~[m[K
[01m[K/opt/ros/humble/include/rclcpp/rclcpp/node.hpp:219:3:[m[K [01;36m[Knote: [m[K  template argument deduction/substitution failed:
[01m[K/home/ram-user/ASDFR/src/image_processing/src/SimpleSub.cpp:13:76:[m[K [01;31m[Kerror: [m[Ktemplate argument 1 is invalid
   13 |  subscription_ = [01;31m[Kthis->create_subscription<geometry_msgs::msg::Pose2D>([m[K
      |                  [01;31m[K~~~~~~~~~~~~~~~~~~~~~~~~~~~~~~~~~~~~~~~~~~~~~~~~~~~~~^[m[K

   14 | [01;31m[K "COGL", 10, std::bind(&MinimalSubscriber::topic_callback, this, _1))[m[K;
      |  [01;31m[K~~~~~~~~~~~~~~~~~~~~~~~~~~~~~~~~~~~~~~~~~~~~~~~~~~~~~~~~~~~~~~~~~~~~[m[K  

gmake[2]: *** [CMakeFiles/SimpleSub.dir/build.make:76: CMakeFiles/SimpleSub.dir/src/SimpleSub.cpp.o] Error 1
gmake[1]: *** [CMakeFiles/Makefile2:249: CMakeFiles/SimpleSub.dir/all] Error 2
gmake: *** [Makefile:146: all] Error 2
