[35m[1mConsolidate compiler generated dependencies of target grayscaler[0m
[ 33%] Built target brightness_check
[ 50%] [32mBuilding CXX object CMakeFiles/grayscaler.dir/src/grayscale_converter.cpp.o[0m
[ 83%] Built target brightmask
In file included from [01m[K/opt/ros/humble/include/rclcpp/rclcpp/any_subscription_callback.hpp:34[m[K,
                 from [01m[K/opt/ros/humble/include/rclcpp/rclcpp/subscription_base.hpp:32[m[K,
                 from [01m[K/opt/ros/humble/include/rclcpp/rclcpp/callback_group.hpp:29[m[K,
                 from [01m[K/opt/ros/humble/include/rclcpp/rclcpp/any_executable.hpp:20[m[K,
                 from [01m[K/opt/ros/humble/include/rclcpp/rclcpp/memory_strategy.hpp:25[m[K,
                 from [01m[K/opt/ros/humble/include/rclcpp/rclcpp/memory_strategies.hpp:18[m[K,
                 from [01m[K/opt/ros/humble/include/rclcpp/rclcpp/executor_options.hpp:20[m[K,
                 from [01m[K/opt/ros/humble/include/rclcpp/rclcpp/executor.hpp:37[m[K,
                 from [01m[K/opt/ros/humble/include/rclcpp/rclcpp/executors/multi_threaded_executor.hpp:25[m[K,
                 from [01m[K/opt/ros/humble/include/rclcpp/rclcpp/executors.hpp:21[m[K,
                 from [01m[K/opt/ros/humble/include/rclcpp/rclcpp/rclcpp.hpp:155[m[K,
                 from [01m[K/home/ram-user/ASDFR/src/image_processing/src/grayscale_converter.cpp:1[m[K:
[01m[K/home/ram-user/ASDFR/src/image_processing/src/grayscale_converter.cpp:10:3:[m[K [01;31m[Kerror: [m[Kâ€˜[01m[Kimage_tools[m[Kâ€™ was not declared in this scope
   10 |   [01;31m[Kimage_tools[m[K::ROSCvMatContainer,
      |   [01;31m[K^~~~~~~~~~~[m[K
[01m[K/home/ram-user/ASDFR/src/image_processing/src/grayscale_converter.cpp:9:1:[m[K [01;31m[Kerror: [m[Ktemplate argument 1 is invalid
    9 | [01;31m[KRCLCPP_USING_CUSTOM_TYPE_AS_ROS_MESSAGE_TYPE[m[K(
      | [01;31m[K^~~~~~~~~~~~~~~~~~~~~~~~~~~~~~~~~~~~~~~~~~~~[m[K
[01m[K/home/ram-user/ASDFR/src/image_processing/src/grayscale_converter.cpp:10:3:[m[K [01;31m[Kerror: [m[Kâ€˜[01m[Kimage_tools[m[Kâ€™ was not declared in this scope
   10 |   [01;31m[Kimage_tools[m[K::ROSCvMatContainer,
      |   [01;31m[K^~~~~~~~~~~[m[K
[01m[K/home/ram-user/ASDFR/src/image_processing/src/grayscale_converter.cpp:9:1:[m[K [01;31m[Kerror: [m[Ktemplate argument 1 is invalid
    9 | [01;31m[KRCLCPP_USING_CUSTOM_TYPE_AS_ROS_MESSAGE_TYPE[m[K(
      | [01;31m[K^~~~~~~~~~~~~~~~~~~~~~~~~~~~~~~~~~~~~~~~~~~~[m[K
[01m[K/home/ram-user/ASDFR/src/image_processing/src/grayscale_converter.cpp:9:1:[m[K [01;31m[Kerror: [m[Kexplicit specialization of non-template â€˜[01m[K<unnamed struct>[m[Kâ€™
    9 | [01;31m[KRCLCPP_USING_CUSTOM_TYPE_AS_ROS_MESSAGE_TYPE[m[K(
      | [01;31m[K^~~~~~~~~~~~~~~~~~~~~~~~~~~~~~~~~~~~~~~~~~~~[m[K
[01m[K/home/ram-user/ASDFR/src/image_processing/src/grayscale_converter.cpp:9:1:[m[K [01;31m[Kerror: [m[Kâ€˜[01m[Kis_specialized[m[Kâ€™ has not been declared
    9 | [01;31m[KRCLCPP_USING_CUSTOM_TYPE_AS_ROS_MESSAGE_TYPE[m[K(
      | [01;31m[K^~~~~~~~~~~~~~~~~~~~~~~~~~~~~~~~~~~~~~~~~~~~[m[K
[01m[K/home/ram-user/ASDFR/src/image_processing/src/grayscale_converter.cpp:9:1:[m[K [01;31m[Kerror: [m[Kabstract declarator â€˜[01m[K<unnamed struct>[m[Kâ€™ used as declaration
    9 | [01;31m[KRCLCPP_USING_CUSTOM_TYPE_AS_ROS_MESSAGE_TYPE[m[K(
      | [01;31m[K^~~~~~~~~~~~~~~~~~~~~~~~~~~~~~~~~~~~~~~~~~~~[m[K
gmake[2]: *** [CMakeFiles/grayscaler.dir/build.make:76: CMakeFiles/grayscaler.dir/src/grayscale_converter.cpp.o] Error 1
gmake[1]: *** [CMakeFiles/Makefile2:167: CMakeFiles/grayscaler.dir/all] Error 2
gmake: *** [Makefile:146: all] Error 2
