[01m[K/home/ram-user/ASDFR/src/ros2_nodes/src/jiwy_controller/src/jc_light_tracker.cpp:[m[K In constructor â€˜[01m[KJCLightTrackerNode::JCLightTrackerNode()[m[Kâ€™:
[01m[K/home/ram-user/ASDFR/src/ros2_nodes/src/jiwy_controller/src/jc_light_tracker.cpp:33:33:[m[K [01;31m[Kerror: [m[Kâ€˜[01m[KMinimalSubscriber[m[Kâ€™ has not been declared
   33 |       "im_COGL", 10, std::bind(&[01;31m[KMinimalSubscriber[m[K::image_callback, this, _1));
      |                                 [01;31m[K^~~~~~~~~~~~~~~~~[m[K
[01m[K/home/ram-user/ASDFR/src/ros2_nodes/src/jiwy_controller/src/jc_light_tracker.cpp:[m[K In member function â€˜[01m[Kvoid JCLightTrackerNode::image_callback(sensor_msgs::msg::Image_<std::allocator<void> >::SharedPtr)[m[Kâ€™:
[01m[K/home/ram-user/ASDFR/src/ros2_nodes/src/jiwy_controller/src/jc_light_tracker.cpp:56:5:[m[K [01;31m[Kerror: [m[Kâ€˜[01m[Kcv[m[Kâ€™ has not been declared
   56 |     [01;31m[Kcv[m[K::Mat image = cv_bridge::toCvCopy(image_msg,  "mono8")->image;
      |     [01;31m[K^~[m[K
[01m[K/home/ram-user/ASDFR/src/ros2_nodes/src/jiwy_controller/src/jc_light_tracker.cpp:58:14:[m[K [01;31m[Kerror: [m[Kâ€˜[01m[Kimage[m[Kâ€™ was not declared in this scope
   58 |     height = [01;31m[Kimage[m[K.rows;
      |              [01;31m[K^~~~~[m[K
[01m[K/home/ram-user/ASDFR/src/ros2_nodes/src/jiwy_controller/src/jc_light_tracker.cpp:53:64:[m[K [01;35m[Kwarning: [m[Kunused parameter â€˜[01m[Kimage_msg[m[Kâ€™ [[01;35m[K]8;;https://gcc.gnu.org/onlinedocs/gcc/Warning-Options.html#index-Wunused-parameter-Wunused-parameter]8;;[m[K]
   53 |   void image_callback([01;35m[Kconst sensor_msgs::msg::Image::SharedPtr image_msg[m[K)
      |                       [01;35m[K~~~~~~~~~~~~~~~~~~~~~~~~~~~~~~~~~~~~~~~~~^~~~~~~~~[m[K
gmake[2]: *** [CMakeFiles/jc_lighttracker.dir/build.make:76: CMakeFiles/jc_lighttracker.dir/src/jc_light_tracker.cpp.o] Error 1
gmake[1]: *** [CMakeFiles/Makefile2:167: CMakeFiles/jc_lighttracker.dir/all] Error 2
gmake: *** [Makefile:146: all] Error 2
