[0.013s] Invoking command in '/home/ram-user/ASDFR/build/image_processing': CMAKE_PREFIX_PATH=${CMAKE_PREFIX_PATH}:/opt/ros/humble /usr/bin/cmake --build /home/ram-user/ASDFR/build/image_processing -- -j2 -l2
[0.056s] [35m[1mConsolidate compiler generated dependencies of target grayscaler[0m
[0.068s] [ 50%] Built target brightness_check
[0.075s] [ 75%] [32mBuilding CXX object CMakeFiles/grayscaler.dir/src/grayscale_converter.cpp.o[0m
[3.108s] [01m[K/home/ram-user/ASDFR/src/image_processing/src/grayscale_converter.cpp:[m[K In constructor â€˜[01m[KGreyScalerNode::GreyScalerNode()[m[Kâ€™:
[3.108s] [01m[K/home/ram-user/ASDFR/src/image_processing/src/grayscale_converter.cpp:15:5:[m[K [01;31m[Kerror: [m[Kâ€˜[01m[Ksubscription_[m[Kâ€™ was not declared in this scope; did you mean â€˜[01m[Krmw_subscription_t[m[Kâ€™?
[3.108s]    15 |     [01;31m[Ksubscription_[m[K = this->create_subscription<sensor_msgs::msg::Image>("image", 10, std::bind(&GreyScalerNode::image_callback, this, std::placeholders::_1));
[3.108s]       |     [01;31m[K^~~~~~~~~~~~~[m[K
[3.108s]       |     [32m[Krmw_subscription_t[m[K
[6.016s] gmake[2]: *** [CMakeFiles/grayscaler.dir/build.make:76: CMakeFiles/grayscaler.dir/src/grayscale_converter.cpp.o] Error 1
[6.016s] gmake[1]: *** [CMakeFiles/Makefile2:165: CMakeFiles/grayscaler.dir/all] Error 2
[6.016s] gmake: *** [Makefile:146: all] Error 2
[6.017s] Invoked command in '/home/ram-user/ASDFR/build/image_processing' returned '2': CMAKE_PREFIX_PATH=${CMAKE_PREFIX_PATH}:/opt/ros/humble /usr/bin/cmake --build /home/ram-user/ASDFR/build/image_processing -- -j2 -l2
