[01m[K/home/ram-user/ASDFR/src/image_processing/src/light_tracker.cpp:[m[K In member function â€˜[01m[Kvoid LightTracker::image_callback(sensor_msgs::msg::Image_<std::allocator<void> >::SharedPtr)[m[Kâ€™:
[01m[K/home/ram-user/ASDFR/src/image_processing/src/light_tracker.cpp:27:9:[m[K [01;31m[Kerror: [m[Kâ€˜[01m[KDetect[m[Kâ€™ was not declared in this scope; did you mean â€˜[01m[Kselect[m[Kâ€™?
   27 |         [01;31m[KDetect[m[K blobs.
      |         [01;31m[K^~~~~~[m[K
      |         [32m[Kselect[m[K
[01m[K/home/ram-user/ASDFR/src/image_processing/src/light_tracker.cpp:29:33:[m[K [01;31m[Kerror: [m[Kâ€˜[01m[Kkeypoints[m[Kâ€™ was not declared in this scope
   29 |         detector.detect( image, [01;31m[Kkeypoints[m[K);
      |                                 [01;31m[K^~~~~~~~~[m[K
gmake[2]: *** [CMakeFiles/light_tracker.dir/build.make:76: CMakeFiles/light_tracker.dir/src/light_tracker.cpp.o] Error 1
gmake[1]: *** [CMakeFiles/Makefile2:221: CMakeFiles/light_tracker.dir/all] Error 2
gmake: *** [Makefile:146: all] Error 2
