[0.014s] Invoking command in '/home/ram-user/ASDFR/build/image_processing': CMAKE_PREFIX_PATH=${CMAKE_PREFIX_PATH}:/opt/ros/humble /usr/bin/cmake --build /home/ram-user/ASDFR/build/image_processing -- -j2 -l2
[0.077s] [ 50%] Built target grayscaler
[0.077s] [ 50%] Built target brightness_check
[0.101s] [35m[1mConsolidate compiler generated dependencies of target light_tracker[0m
[0.106s] [ 75%] Built target brightmask
[0.125s] [ 87%] [32mBuilding CXX object CMakeFiles/light_tracker.dir/src/light_tracker.cpp.o[0m
[3.561s] [01m[K/home/ram-user/ASDFR/src/image_processing/src/light_tracker.cpp:[m[K In member function â€˜[01m[Kvoid LightTracker::image_callback(sensor_msgs::msg::Image_<std::allocator<void> >::SharedPtr)[m[Kâ€™:
[3.561s] [01m[K/home/ram-user/ASDFR/src/image_processing/src/light_tracker.cpp:27:9:[m[K [01;31m[Kerror: [m[Kâ€˜[01m[KDetect[m[Kâ€™ was not declared in this scope; did you mean â€˜[01m[Kselect[m[Kâ€™?
[3.561s]    27 |         [01;31m[KDetect[m[K blobs.
[3.561s]       |         [01;31m[K^~~~~~[m[K
[3.561s]       |         [32m[Kselect[m[K
[3.570s] [01m[K/home/ram-user/ASDFR/src/image_processing/src/light_tracker.cpp:29:33:[m[K [01;31m[Kerror: [m[Kâ€˜[01m[Kkeypoints[m[Kâ€™ was not declared in this scope
[3.570s]    29 |         detector.detect( image, [01;31m[Kkeypoints[m[K);
[3.570s]       |                                 [01;31m[K^~~~~~~~~[m[K
[7.127s] gmake[2]: *** [CMakeFiles/light_tracker.dir/build.make:76: CMakeFiles/light_tracker.dir/src/light_tracker.cpp.o] Error 1
[7.128s] gmake[1]: *** [CMakeFiles/Makefile2:221: CMakeFiles/light_tracker.dir/all] Error 2
[7.128s] gmake: *** [Makefile:146: all] Error 2
[7.131s] Invoked command in '/home/ram-user/ASDFR/build/image_processing' returned '2': CMAKE_PREFIX_PATH=${CMAKE_PREFIX_PATH}:/opt/ros/humble /usr/bin/cmake --build /home/ram-user/ASDFR/build/image_processing -- -j2 -l2
