[0.013s] Invoking command in '/home/ram-user/ASDFR/build/image_processing': CMAKE_PREFIX_PATH=${CMAKE_PREFIX_PATH}:/opt/ros/humble /usr/bin/cmake --build /home/ram-user/ASDFR/build/image_processing -- -j2 -l2
[0.084s] [ 25%] Built target brightness_check
[0.093s] [ 50%] Built target grayscaler
[0.111s] [35m[1mConsolidate compiler generated dependencies of target light_tracker[0m
[0.122s] [ 75%] Built target brightmask
[0.138s] [ 87%] [32mBuilding CXX object CMakeFiles/light_tracker.dir/src/light_tracker.cpp.o[0m
[3.823s] [01m[K/home/ram-user/ASDFR/src/image_processing/src/light_tracker.cpp:[m[K In member function â€˜[01m[Kvoid LightTracker::image_callback(sensor_msgs::msg::Image_<std::allocator<void> >::SharedPtr)[m[Kâ€™:
[3.823s] [01m[K/home/ram-user/ASDFR/src/image_processing/src/light_tracker.cpp:62:17:[m[K [01;31m[Kerror: [m[Kâ€˜[01m[KSimpleBlobDetector[m[Kâ€™ was not declared in this scope; did you mean â€˜[01m[Kcv::SimpleBlobDetector[m[Kâ€™?
[3.823s]    62 |         cv::Ptr<[01;31m[KSimpleBlobDetector[m[K> detector = SimpleBlobDetector::create(params);
[3.823s]       |                 [01;31m[K^~~~~~~~~~~~~~~~~~[m[K
[3.823s]       |                 [32m[Kcv::SimpleBlobDetector[m[K
[3.823s] In file included from [01m[K/usr/include/opencv4/opencv2/calib3d.hpp:48[m[K,
[3.823s]                  from [01m[K/usr/include/opencv4/opencv2/opencv.hpp:56[m[K,
[3.823s]                  from [01m[K/home/ram-user/ASDFR/src/image_processing/src/light_tracker.cpp:3[m[K:
[3.823s] [01m[K/usr/include/opencv4/opencv2/features2d.hpp:695:20:[m[K [01;36m[Knote: [m[Kâ€˜[01m[Kcv::SimpleBlobDetector[m[Kâ€™ declared here
[3.823s]   695 | class CV_EXPORTS_W [01;36m[KSimpleBlobDetector[m[K : public Feature2D
[3.823s]       |                    [01;36m[K^~~~~~~~~~~~~~~~~~[m[K
[3.823s] [01m[K/home/ram-user/ASDFR/src/image_processing/src/light_tracker.cpp:62:35:[m[K [01;31m[Kerror: [m[Ktemplate argument 1 is invalid
[3.823s]    62 |         cv::Ptr<SimpleBlobDetector[01;31m[K>[m[K detector = SimpleBlobDetector::create(params);
[3.823s]       |                                   [01;31m[K^[m[K
[3.824s] [01m[K/home/ram-user/ASDFR/src/image_processing/src/light_tracker.cpp:62:48:[m[K [01;31m[Kerror: [m[Kâ€˜[01m[KSimpleBlobDetector[m[Kâ€™ is not a class, namespace, or enumeration
[3.824s]    62 |         cv::Ptr<SimpleBlobDetector> detector = [01;31m[KSimpleBlobDetector[m[K::create(params);
[3.824s]       |                                                [01;31m[K^~~~~~~~~~~~~~~~~~[m[K
[3.844s] [01m[K/home/ram-user/ASDFR/src/image_processing/src/light_tracker.cpp:62:37:[m[K [01;35m[Kwarning: [m[Kunused variable â€˜[01m[Kdetector[m[Kâ€™ [[01;35m[K]8;;https://gcc.gnu.org/onlinedocs/gcc/Warning-Options.html#index-Wunused-variable-Wunused-variable]8;;[m[K]
[3.845s]    62 |         cv::Ptr<SimpleBlobDetector> [01;35m[Kdetector[m[K = SimpleBlobDetector::create(params);
[3.845s]       |                                     [01;35m[K^~~~~~~~[m[K
[7.162s] gmake[2]: *** [CMakeFiles/light_tracker.dir/build.make:76: CMakeFiles/light_tracker.dir/src/light_tracker.cpp.o] Error 1
[7.163s] gmake[1]: *** [CMakeFiles/Makefile2:221: CMakeFiles/light_tracker.dir/all] Error 2
[7.164s] gmake: *** [Makefile:146: all] Error 2
[7.166s] Invoked command in '/home/ram-user/ASDFR/build/image_processing' returned '2': CMAKE_PREFIX_PATH=${CMAKE_PREFIX_PATH}:/opt/ros/humble /usr/bin/cmake --build /home/ram-user/ASDFR/build/image_processing -- -j2 -l2
