[0.193s] Invoking command in '/home/ram-user/ASDFR/build/image_processing': CMAKE_PREFIX_PATH=${CMAKE_PREFIX_PATH}:/opt/ros/humble /usr/bin/cmake --build /home/ram-user/ASDFR/build/image_processing -- -j2 -l2
[0.301s] [ 25%] Built target brightness_check
[0.365s] [ 50%] Built target grayscaler
[0.428s] [ 75%] Built target brightmask
[0.455s] [35m[1mConsolidate compiler generated dependencies of target light_tracker[0m
[0.501s] [ 87%] [32mBuilding CXX object CMakeFiles/light_tracker.dir/src/light_tracker.cpp.o[0m
[7.156s] [01m[K/home/ram-user/ASDFR/src/image_processing/src/light_tracker.cpp:[m[K In member function â€˜[01m[Kvoid LightTracker::image_callback(sensor_msgs::msg::Image_<std::allocator<void> >::SharedPtr)[m[Kâ€™:
[7.156s] [01m[K/home/ram-user/ASDFR/src/image_processing/src/light_tracker.cpp:27:9:[m[K [01;31m[Kerror: [m[Kâ€˜[01m[KDetect[m[Kâ€™ was not declared in this scope; did you mean â€˜[01m[Kselect[m[Kâ€™?
[7.156s]    27 |         [01;31m[KDetect[m[K blobs.
[7.156s]       |         [01;31m[K^~~~~~[m[K
[7.156s]       |         [32m[Kselect[m[K
[7.170s] [01m[K/home/ram-user/ASDFR/src/image_processing/src/light_tracker.cpp:29:33:[m[K [01;31m[Kerror: [m[Kâ€˜[01m[Kkeypoints[m[Kâ€™ was not declared in this scope
[7.171s]    29 |         detector.detect( image, [01;31m[Kkeypoints[m[K);
[7.171s]       |                                 [01;31m[K^~~~~~~~~[m[K
[13.587s] gmake[2]: *** [CMakeFiles/light_tracker.dir/build.make:76: CMakeFiles/light_tracker.dir/src/light_tracker.cpp.o] Error 1
[13.587s] gmake[1]: *** [CMakeFiles/Makefile2:221: CMakeFiles/light_tracker.dir/all] Error 2
[13.588s] gmake: *** [Makefile:146: all] Error 2
[13.896s] Invoked command in '/home/ram-user/ASDFR/build/image_processing' returned '2': CMAKE_PREFIX_PATH=${CMAKE_PREFIX_PATH}:/opt/ros/humble /usr/bin/cmake --build /home/ram-user/ASDFR/build/image_processing -- -j2 -l2
