[0.216s] Invoking command in '/home/ram-user/ASDFR/build/image_processing': CMAKE_PREFIX_PATH=${CMAKE_PREFIX_PATH}:/opt/ros/humble /usr/bin/cmake --build /home/ram-user/ASDFR/build/image_processing -- -j2 -l2
[0.893s] -- Found ament_cmake: 1.3.3 (/opt/ros/humble/share/ament_cmake/cmake)
[2.437s] -- Found rclcpp: 16.0.3 (/opt/ros/humble/share/rclcpp/cmake)
[3.420s] -- Found rosidl_generator_c: 3.1.4 (/opt/ros/humble/share/rosidl_generator_c/cmake)
[3.445s] -- Found rosidl_adapter: 3.1.4 (/opt/ros/humble/share/rosidl_adapter/cmake)
[3.516s] -- Found rosidl_generator_cpp: 3.1.4 (/opt/ros/humble/share/rosidl_generator_cpp/cmake)
[3.807s] -- Using all available rosidl_typesupport_c: rosidl_typesupport_fastrtps_c;rosidl_typesupport_introspection_c
[4.022s] -- Using all available rosidl_typesupport_cpp: rosidl_typesupport_fastrtps_cpp;rosidl_typesupport_introspection_cpp
[4.587s] -- Found rmw_implementation_cmake: 6.1.1 (/opt/ros/humble/share/rmw_implementation_cmake/cmake)
[4.626s] -- Found rmw_fastrtps_cpp: 6.2.2 (/opt/ros/humble/share/rmw_fastrtps_cpp/cmake)
[5.874s] -- Using RMW implementation 'rmw_fastrtps_cpp' as default
[7.087s] -- Found sensor_msgs: 4.2.3 (/opt/ros/humble/share/sensor_msgs/cmake)
[7.453s] -- Found cv_bridge: 3.2.1 (/opt/ros/humble/share/cv_bridge/cmake)
[7.508s] -- Found image_tools: 0.20.3 (/opt/ros/humble/share/image_tools/cmake)
[8.511s] -- Configuring done
[8.867s] -- Generating done
[8.881s] -- Build files have been written to: /home/ram-user/ASDFR/build/image_processing
[9.033s] [35m[1mConsolidate compiler generated dependencies of target brightness_check[0m
[9.155s] [ 25%] Built target brightness_check
[9.230s] [35m[1mConsolidate compiler generated dependencies of target grayscaler[0m
[9.331s] [ 50%] Built target grayscaler
[9.431s] [35m[1mConsolidate compiler generated dependencies of target brightmask[0m
[9.587s] [ 75%] Built target brightmask
[9.634s] [ 87%] [32mBuilding CXX object CMakeFiles/light_tracker.dir/src/light_tracker.cpp.o[0m
[17.673s] [01m[K/home/ram-user/ASDFR/src/image_processing/src/light_tracker.cpp:[m[K In constructor â€˜[01m[KLightTracker::LightTracker()[m[Kâ€™:
[17.673s] [01m[K/home/ram-user/ASDFR/src/image_processing/src/light_tracker.cpp:15:100:[m[K [01;31m[Kerror: [m[Kâ€˜[01m[KBrightnessMask[m[Kâ€™ has not been declared
[17.674s]    15 | iption<sensor_msgs::msg::Image>("image_msk", 10, std::bind(&[01;31m[KBrightnessMask[m[K::image_callback, this, std::placeholders::_1));
[17.674s]       |                                                             [01;31m[K^~~~~~~~~~~~~~[m[K
[17.674s] 
[17.692s] [01m[K/home/ram-user/ASDFR/src/image_processing/src/light_tracker.cpp:[m[K In member function â€˜[01m[Kvoid LightTracker::image_callback(sensor_msgs::msg::Image_<std::allocator<void> >::SharedPtr)[m[Kâ€™:
[17.692s] [01m[K/home/ram-user/ASDFR/src/image_processing/src/light_tracker.cpp:28:9:[m[K [01;31m[Kerror: [m[Kâ€˜[01m[KSimpleBlobDetector[m[Kâ€™ was not declared in this scope; did you mean â€˜[01m[Kcv::SimpleBlobDetector[m[Kâ€™?
[17.692s]    28 |         [01;31m[KSimpleBlobDetector[m[K detector;
[17.692s]       |         [01;31m[K^~~~~~~~~~~~~~~~~~[m[K
[17.692s]       |         [32m[Kcv::SimpleBlobDetector[m[K
[17.692s] In file included from [01m[K/usr/include/opencv4/opencv2/calib3d.hpp:48[m[K,
[17.692s]                  from [01m[K/usr/include/opencv4/opencv2/opencv.hpp:56[m[K,
[17.692s]                  from [01m[K/home/ram-user/ASDFR/src/image_processing/src/light_tracker.cpp:3[m[K:
[17.692s] [01m[K/usr/include/opencv4/opencv2/features2d.hpp:695:20:[m[K [01;36m[Knote: [m[Kâ€˜[01m[Kcv::SimpleBlobDetector[m[Kâ€™ declared here
[17.692s]   695 | class CV_EXPORTS_W [01;36m[KSimpleBlobDetector[m[K : public Feature2D
[17.692s]       |                    [01;36m[K^~~~~~~~~~~~~~~~~~[m[K
[17.693s] [01m[K/home/ram-user/ASDFR/src/image_processing/src/light_tracker.cpp:31:21:[m[K [01;31m[Kerror: [m[Kâ€˜[01m[KKeyPoint[m[Kâ€™ was not declared in this scope; did you mean â€˜[01m[Kcv::KeyPoint[m[Kâ€™?
[17.693s]    31 |         std::vector<[01;31m[KKeyPoint[m[K> keypoints;
[17.693s]       |                     [01;31m[K^~~~~~~~[m[K
[17.693s]       |                     [32m[Kcv::KeyPoint[m[K
[17.693s] In file included from [01m[K/usr/include/opencv4/opencv2/core.hpp:57[m[K,
[17.693s]                  from [01m[K/usr/include/opencv4/opencv2/opencv.hpp:52[m[K,
[17.694s]                  from [01m[K/home/ram-user/ASDFR/src/image_processing/src/light_tracker.cpp:3[m[K:
[17.694s] [01m[K/usr/include/opencv4/opencv2/core/types.hpp:727:27:[m[K [01;36m[Knote: [m[Kâ€˜[01m[Kcv::KeyPoint[m[Kâ€™ declared here
[17.694s]   727 | class CV_EXPORTS_W_SIMPLE [01;36m[KKeyPoint[m[K
[17.694s]       |                           [01;36m[K^~~~~~~~[m[K
[17.694s] [01m[K/home/ram-user/ASDFR/src/image_processing/src/light_tracker.cpp:31:29:[m[K [01;31m[Kerror: [m[Ktemplate argument 1 is invalid
[17.694s]    31 |         std::vector<KeyPoint[01;31m[K>[m[K keypoints;
[17.694s]       |                             [01;31m[K^[m[K
[17.694s] [01m[K/home/ram-user/ASDFR/src/image_processing/src/light_tracker.cpp:31:29:[m[K [01;31m[Kerror: [m[Ktemplate argument 2 is invalid
[17.696s] [01m[K/home/ram-user/ASDFR/src/image_processing/src/light_tracker.cpp:32:13:[m[K [01;31m[Kerror: [m[Kâ€˜[01m[Kdetector[m[Kâ€™ is not a member of â€˜[01m[Kcv[m[Kâ€™
[17.696s]    32 |         cv::[01;31m[Kdetector[m[K.detect( image_th, keypoints);
[17.696s]       |             [01;31m[K^~~~~~~~[m[K
[17.696s] [01m[K/home/ram-user/ASDFR/src/image_processing/src/light_tracker.cpp:37:9:[m[K [01;31m[Kerror: [m[Kâ€˜[01m[Kdcv[m[Kâ€™ has not been declared
[17.696s]    37 |         [01;31m[Kdcv[m[K::rawKeypoints( image_th, keypoints, im_with_keypoints, Scalar(0,0,255), DrawMatchesFlags::DRAW_RICH_KEYPOINTS );
[17.696s]       |         [01;31m[K^~~[m[K
[17.699s] [01m[K/home/ram-user/ASDFR/src/image_processing/src/light_tracker.cpp:37:68:[m[K [01;31m[Kerror: [m[Kâ€˜[01m[KScalar[m[Kâ€™ was not declared in this scope; did you mean â€˜[01m[Kcv::Scalar[m[Kâ€™?
[17.699s]    37 |  dcv::rawKeypoints( image_th, keypoints, im_with_keypoints, [01;31m[KScalar[m[K(0,0,255), DrawMatchesFlags::DRAW_RICH_KEYPOINTS );
[17.700s]       |                                                             [01;31m[K^~~~~~[m[K
[17.701s]       |                                                             [32m[Kcv::Scalar[m[K
[17.701s] In file included from [01m[K/usr/include/opencv4/opencv2/core.hpp:57[m[K,
[17.702s]                  from [01m[K/usr/include/opencv4/opencv2/opencv.hpp:52[m[K,
[17.702s]                  from [01m[K/home/ram-user/ASDFR/src/image_processing/src/light_tracker.cpp:3[m[K:
[17.703s] [01m[K/usr/include/opencv4/opencv2/core/types.hpp:685:25:[m[K [01;36m[Knote: [m[Kâ€˜[01m[Kcv::Scalar[m[Kâ€™ declared here
[17.703s]   685 | typedef Scalar_<double> [01;36m[KScalar[m[K;
[17.703s]       |                         [01;36m[K^~~~~~[m[K
[17.703s] [01m[K/home/ram-user/ASDFR/src/image_processing/src/light_tracker.cpp:37:85:[m[K [01;31m[Kerror: [m[Kâ€˜[01m[KDrawMatchesFlags[m[Kâ€™ has not been declared
[17.703s]    37 | s( image_th, keypoints, im_with_keypoints, Scalar(0,0,255), [01;31m[KDrawMatchesFlags[m[K::DRAW_RICH_KEYPOINTS );
[17.703s]       |                                                             [01;31m[K^~~~~~~~~~~~~~~~[m[K
[17.703s] 
[17.711s] [01m[K/home/ram-user/ASDFR/src/image_processing/src/light_tracker.cpp:[m[K In function â€˜[01m[Kint main(int, char**)[m[Kâ€™:
[17.711s] [01m[K/home/ram-user/ASDFR/src/image_processing/src/light_tracker.cpp:59:32:[m[K [01;31m[Kerror: [m[Kâ€˜[01m[KBrightnessMask[m[Kâ€™ was not declared in this scope
[17.711s]    59 |   auto node = std::make_shared<[01;31m[KBrightnessMask[m[K>();
[17.712s]       |                                [01;31m[K^~~~~~~~~~~~~~[m[K
[17.712s] [01m[K/home/ram-user/ASDFR/src/image_processing/src/light_tracker.cpp:59:47:[m[K [01;31m[Kerror: [m[Kno matching function for call to â€˜[01m[Kmake_shared<<expression error> >()[m[Kâ€™
[17.712s]    59 |   auto node = [01;31m[Kstd::make_shared<BrightnessMask>()[m[K;
[17.712s]       |               [01;31m[K~~~~~~~~~~~~~~~~~~~~~~~~~~~~~~~~^~[m[K
[17.712s] In file included from [01m[K/usr/include/c++/11/memory:77[m[K,
[17.712s]                  from [01m[K/opt/ros/humble/include/rclcpp/rclcpp/rclcpp.hpp:153[m[K,
[17.712s]                  from [01m[K/home/ram-user/ASDFR/src/image_processing/src/light_tracker.cpp:1[m[K:
[17.712s] [01m[K/usr/include/c++/11/bits/shared_ptr.h:875:5:[m[K [01;36m[Knote: [m[Kcandidate: â€˜[01m[Ktemplate<class _Tp, class ... _Args> std::shared_ptr<_Tp> std::make_shared(_Args&& ...)[m[Kâ€™
[17.712s]   875 |     [01;36m[Kmake_shared[m[K(_Args&&... __args)
[17.712s]       |     [01;36m[K^~~~~~~~~~~[m[K
[17.712s] [01m[K/usr/include/c++/11/bits/shared_ptr.h:875:5:[m[K [01;36m[Knote: [m[K  template argument deduction/substitution failed:
[17.713s] [01m[K/home/ram-user/ASDFR/src/image_processing/src/light_tracker.cpp:59:47:[m[K [01;31m[Kerror: [m[Ktemplate argument 1 is invalid
[17.713s]    59 |   auto node = [01;31m[Kstd::make_shared<BrightnessMask>()[m[K;
[17.713s]       |               [01;31m[K~~~~~~~~~~~~~~~~~~~~~~~~~~~~~~~~^~[m[K
[19.271s] gmake[2]: *** [CMakeFiles/light_tracker.dir/build.make:76: CMakeFiles/light_tracker.dir/src/light_tracker.cpp.o] Error 1
[19.272s] gmake[1]: *** [CMakeFiles/Makefile2:221: CMakeFiles/light_tracker.dir/all] Error 2
[19.272s] gmake: *** [Makefile:146: all] Error 2
[19.416s] Invoked command in '/home/ram-user/ASDFR/build/image_processing' returned '2': CMAKE_PREFIX_PATH=${CMAKE_PREFIX_PATH}:/opt/ros/humble /usr/bin/cmake --build /home/ram-user/ASDFR/build/image_processing -- -j2 -l2
