In file included from [01m[K/opt/ros/humble/include/rclcpp/rclcpp/logging.hpp:24[m[K,
                 from [01m[K/opt/ros/humble/include/rclcpp/rclcpp/client.hpp:40[m[K,
                 from [01m[K/opt/ros/humble/include/rclcpp/rclcpp/callback_group.hpp:24[m[K,
                 from [01m[K/opt/ros/humble/include/rclcpp/rclcpp/any_executable.hpp:20[m[K,
                 from [01m[K/opt/ros/humble/include/rclcpp/rclcpp/memory_strategy.hpp:25[m[K,
                 from [01m[K/opt/ros/humble/include/rclcpp/rclcpp/memory_strategies.hpp:18[m[K,
                 from [01m[K/opt/ros/humble/include/rclcpp/rclcpp/executor_options.hpp:20[m[K,
                 from [01m[K/opt/ros/humble/include/rclcpp/rclcpp/executor.hpp:37[m[K,
                 from [01m[K/opt/ros/humble/include/rclcpp/rclcpp/executors/multi_threaded_executor.hpp:25[m[K,
                 from [01m[K/opt/ros/humble/include/rclcpp/rclcpp/executors.hpp:21[m[K,
                 from [01m[K/opt/ros/humble/include/rclcpp/rclcpp/rclcpp.hpp:155[m[K,
                 from [01m[K/home/ram-user/ASDFR/src/image_processing/src/SimpleSub.cpp:3[m[K:
[01m[K/home/ram-user/ASDFR/src/image_processing/src/SimpleSub.cpp:[m[K In member function â€˜[01m[Kvoid MinimalSubscriber::topic_callback(geometry_msgs::msg::Pose2D_<std::allocator<void> >::SharedPtr) const[m[Kâ€™:
[01m[K/home/ram-user/ASDFR/src/image_processing/src/SimpleSub.cpp:22:60:[m[K [01;31m[Kerror: [m[Kâ€˜[01m[Kconst SharedPtr[m[Kâ€™ {aka â€˜[01m[Kconst class std::shared_ptr<geometry_msgs::msg::Pose2D_<std::allocator<void> > >[m[Kâ€™} has no member named â€˜[01m[Kdata[m[Kâ€™
   22 |       RCLCPP_INFO(this->get_logger(), "I heard: '%s'", msg.[01;31m[Kdata[m[K.c_str());
      |                                                            [01;31m[K^~~~[m[K
gmake[2]: *** [CMakeFiles/SimpleSub.dir/build.make:76: CMakeFiles/SimpleSub.dir/src/SimpleSub.cpp.o] Error 1
gmake[1]: *** [CMakeFiles/Makefile2:249: CMakeFiles/SimpleSub.dir/all] Error 2
gmake: *** [Makefile:146: all] Error 2
