[0.011s] Invoking command in '/home/ram-user/ASDFR/build/image_processing': CMAKE_PREFIX_PATH=/opt/ros/humble /usr/bin/cmake --build /home/ram-user/ASDFR/build/image_processing -- -j2 -l2
[0.058s] [35m[1mConsolidate compiler generated dependencies of target brightness_check[0m
[0.076s] [ 50%] [32mBuilding CXX object CMakeFiles/brightness_check.dir/src/brightness_check.cpp.o[0m
[3.337s] [01m[K/home/ram-user/ASDFR/src/brightnode/src/brightness_check.cpp:[m[K In constructor â€˜[01m[KImageBrightnessNode::ImageBrightnessNode()[m[Kâ€™:
[3.337s] [01m[K/home/ram-user/ASDFR/src/brightnode/src/brightness_check.cpp:16:77:[m[K [01;31m[Kerror: [m[Kinvalid use of non-static member function â€˜[01m[Kvoid ImageBrightnessNode::image_callback(image_tools::ROSCvMatContainer)[m[Kâ€™
[3.337s]    16 |     sub_ = create_subscription<image_tools::ROSCvMatContainer>("image", 10, [01;31m[Kimage_callback[m[K);
[3.337s]       |                                                                             [01;31m[K^~~~~~~~~~~~~~[m[K
[3.337s] [01m[K/home/ram-user/ASDFR/src/brightnode/src/brightness_check.cpp:20:8:[m[K [01;36m[Knote: [m[Kdeclared here
[3.337s]    20 |   void [01;36m[Kimage_callback[m[K(const image_tools::ROSCvMatContainer)
[3.337s]       |        [01;36m[K^~~~~~~~~~~~~~[m[K
[4.697s] gmake[2]: *** [CMakeFiles/brightness_check.dir/build.make:76: CMakeFiles/brightness_check.dir/src/brightness_check.cpp.o] Error 1
[4.698s] gmake[1]: *** [CMakeFiles/Makefile2:137: CMakeFiles/brightness_check.dir/all] Error 2
[4.698s] gmake: *** [Makefile:146: all] Error 2
[4.700s] Invoked command in '/home/ram-user/ASDFR/build/image_processing' returned '2': CMAKE_PREFIX_PATH=/opt/ros/humble /usr/bin/cmake --build /home/ram-user/ASDFR/build/image_processing -- -j2 -l2
