[0.014s] Invoking command in '/home/ram-user/ASDFR/build/image_processing': CMAKE_PREFIX_PATH=/opt/ros/humble /usr/bin/cmake --build /home/ram-user/ASDFR/build/image_processing -- -j2 -l2
[0.067s] [ 50%] Built target grayscaler
[0.067s] [ 50%] Built target brightness_check
[0.082s] [35m[1mConsolidate compiler generated dependencies of target light_tracker[0m
[0.092s] [ 75%] Built target brightmask
[0.099s] [ 87%] [32mBuilding CXX object CMakeFiles/light_tracker.dir/src/light_tracker.cpp.o[0m
[2.977s] [01m[K/home/ram-user/ASDFR/src/image_processing/src/light_tracker.cpp:83:23:[m[K [01;31m[Kerror: [m[Kâ€˜[01m[Kggeometry_msgs[m[Kâ€™ was not declared in this scope; did you mean â€˜[01m[Kgeometry_msgs[m[Kâ€™?
[2.977s]    83 |     rclcpp::Publisher<[01;31m[Kggeometry_msgs[m[K::msg::Pose2D>::SharedPtr publisher_;
[2.977s]       |                       [01;31m[K^~~~~~~~~~~~~~[m[K
[2.977s]       |                       [32m[Kgeometry_msgs[m[K
[2.977s] [01m[K/home/ram-user/ASDFR/src/image_processing/src/light_tracker.cpp:83:50:[m[K [01;31m[Kerror: [m[Ktemplate argument 1 is invalid
[2.977s]    83 |     rclcpp::Publisher<ggeometry_msgs::msg::Pose2D[01;31m[K>[m[K::SharedPtr publisher_;
[2.977s]       |                                                  [01;31m[K^[m[K
[2.978s] [01m[K/home/ram-user/ASDFR/src/image_processing/src/light_tracker.cpp:83:53:[m[K [01;31m[Kerror: [m[Kexpected â€˜[01m[K;[m[Kâ€™ at end of member declaration
[2.978s]    83 |     rclcpp::Publisher<ggeometry_msgs::msg::Pose2D>::[01;31m[KSharedPtr[m[K publisher_;
[2.978s]       |                                                     [01;31m[K^~~~~~~~~[m[K
[2.978s]       |                                                              [32m[K;[m[K
[2.980s] [01m[K/home/ram-user/ASDFR/src/image_processing/src/light_tracker.cpp:83:63:[m[K [01;31m[Kerror: [m[Kâ€˜[01m[Kpublisher_[m[Kâ€™ does not name a type; did you mean â€˜[01m[Krmw_publisher_t[m[Kâ€™?
[2.980s]    83 |   rclcpp::Publisher<ggeometry_msgs::msg::Pose2D>::SharedPtr [01;31m[Kpublisher_[m[K;
[2.980s]       |                                                             [01;31m[K^~~~~~~~~~[m[K
[2.980s]       |                                                             [32m[Krmw_publisher_t[m[K
[2.997s] [01m[K/home/ram-user/ASDFR/src/image_processing/src/light_tracker.cpp:[m[K In constructor â€˜[01m[KLightTracker::LightTracker()[m[Kâ€™:
[2.997s] [01m[K/home/ram-user/ASDFR/src/image_processing/src/light_tracker.cpp:17:5:[m[K [01;31m[Kerror: [m[Kâ€˜[01m[Kpublisher_[m[Kâ€™ was not declared in this scope; did you mean â€˜[01m[Krmw_publisher_t[m[Kâ€™?
[2.997s]    17 |     [01;31m[Kpublisher_[m[K = this->create_publisher<geometry_msgs::msg::Pose2D>("COGL", 10);
[2.997s]       |     [01;31m[K^~~~~~~~~~[m[K
[2.997s]       |     [32m[Krmw_publisher_t[m[K
[3.023s] [01m[K/home/ram-user/ASDFR/src/image_processing/src/light_tracker.cpp:[m[K In member function â€˜[01m[Kvoid LightTracker::image_callback(sensor_msgs::msg::Image_<std::allocator<void> >::SharedPtr)[m[Kâ€™:
[3.023s] [01m[K/home/ram-user/ASDFR/src/image_processing/src/light_tracker.cpp:80:9:[m[K [01;31m[Kerror: [m[Kâ€˜[01m[Kpublisher_[m[Kâ€™ was not declared in this scope; did you mean â€˜[01m[Krmw_publisher_t[m[Kâ€™?
[3.023s]    80 |         [01;31m[Kpublisher_[m[K->publish(Pos);
[3.023s]       |         [01;31m[K^~~~~~~~~~[m[K
[3.023s]       |         [32m[Krmw_publisher_t[m[K
[5.818s] gmake[2]: *** [CMakeFiles/light_tracker.dir/build.make:76: CMakeFiles/light_tracker.dir/src/light_tracker.cpp.o] Error 1
[5.818s] gmake[1]: *** [CMakeFiles/Makefile2:221: CMakeFiles/light_tracker.dir/all] Error 2
[5.819s] gmake: *** [Makefile:146: all] Error 2
[5.821s] Invoked command in '/home/ram-user/ASDFR/build/image_processing' returned '2': CMAKE_PREFIX_PATH=/opt/ros/humble /usr/bin/cmake --build /home/ram-user/ASDFR/build/image_processing -- -j2 -l2
