[0.012s] Invoking command in '/home/ram-user/ASDFR/build/brightnode': CMAKE_PREFIX_PATH=/opt/ros/humble /usr/bin/cmake /home/ram-user/ASDFR/src/brightnode -DCMAKE_INSTALL_PREFIX=/home/ram-user/ASDFR/install/brightnode
[0.568s] -- The C compiler identification is GNU 11.3.0
[0.859s] -- The CXX compiler identification is GNU 11.3.0
[0.867s] -- Detecting C compiler ABI info
[0.967s] -- Detecting C compiler ABI info - done
[0.974s] -- Check for working C compiler: /usr/bin/cc - skipped
[0.974s] -- Detecting C compile features
[0.974s] -- Detecting C compile features - done
[0.978s] -- Detecting CXX compiler ABI info
[1.086s] -- Detecting CXX compiler ABI info - done
[1.093s] -- Check for working CXX compiler: /usr/bin/c++ - skipped
[1.094s] -- Detecting CXX compile features
[1.094s] -- Detecting CXX compile features - done
[1.103s] -- Found ament_cmake: 1.3.3 (/opt/ros/humble/share/ament_cmake/cmake)
[1.287s] -- Found Python3: /usr/bin/python3.10 (found version "3.10.6") found components: Interpreter 
[1.373s] -- Found rclcpp: 16.0.3 (/opt/ros/humble/share/rclcpp/cmake)
[1.414s] -- Found rosidl_generator_c: 3.1.4 (/opt/ros/humble/share/rosidl_generator_c/cmake)
[1.418s] -- Found rosidl_adapter: 3.1.4 (/opt/ros/humble/share/rosidl_adapter/cmake)
[1.425s] -- Found rosidl_generator_cpp: 3.1.4 (/opt/ros/humble/share/rosidl_generator_cpp/cmake)
[1.438s] -- Using all available rosidl_typesupport_c: rosidl_typesupport_fastrtps_c;rosidl_typesupport_introspection_c
[1.459s] -- Using all available rosidl_typesupport_cpp: rosidl_typesupport_fastrtps_cpp;rosidl_typesupport_introspection_cpp
[1.523s] -- Found rmw_implementation_cmake: 6.1.1 (/opt/ros/humble/share/rmw_implementation_cmake/cmake)
[1.541s] -- Found rmw_fastrtps_cpp: 6.2.2 (/opt/ros/humble/share/rmw_fastrtps_cpp/cmake)
[1.751s] -- Found OpenSSL: /usr/lib/x86_64-linux-gnu/libcrypto.so (found version "3.0.2")  
[1.777s] -- Found FastRTPS: /opt/ros/humble/include  
[1.820s] -- Using RMW implementation 'rmw_fastrtps_cpp' as default
[1.830s] -- Looking for pthread.h
[1.923s] -- Looking for pthread.h - found
[1.924s] -- Performing Test CMAKE_HAVE_LIBC_PTHREAD
[2.020s] -- Performing Test CMAKE_HAVE_LIBC_PTHREAD - Success
[2.021s] -- Found Threads: TRUE  
[2.204s] -- Found OpenCV: /usr (found version "4.5.4") 
[2.298s] -- Configuring done
[2.308s] -- Generating done
[2.310s] -- Build files have been written to: /home/ram-user/ASDFR/build/brightnode
[2.318s] Invoked command in '/home/ram-user/ASDFR/build/brightnode' returned '0': CMAKE_PREFIX_PATH=/opt/ros/humble /usr/bin/cmake /home/ram-user/ASDFR/src/brightnode -DCMAKE_INSTALL_PREFIX=/home/ram-user/ASDFR/install/brightnode
[2.320s] Invoking command in '/home/ram-user/ASDFR/build/brightnode': CMAKE_PREFIX_PATH=/opt/ros/humble /usr/bin/cmake --build /home/ram-user/ASDFR/build/brightnode -- -j2 -l2
[2.367s] [ 50%] [32mBuilding CXX object CMakeFiles/Mrbrightside.dir/src/Brightness_check.cpp.o[0m
[2.571s] [01m[K/home/ram-user/ASDFR/src/brightnode/src/Brightness_check.cpp:11:10:[m[K [01;31m[Kfatal error: [m[KOpenCV/install/OpenCV/include/opencv4/opencv2/opencv.hpp: No such file or directory
[2.571s]    11 | #include [01;31m[K<OpenCV/install/OpenCV/include/opencv4/opencv2/opencv.hpp>[m[K
[2.571s]       |          [01;31m[K^~~~~~~~~~~~~~~~~~~~~~~~~~~~~~~~~~~~~~~~~~~~~~~~~~~~~~~~~~[m[K
[2.571s] compilation terminated.
[2.574s] gmake[2]: *** [CMakeFiles/Mrbrightside.dir/build.make:76: CMakeFiles/Mrbrightside.dir/src/Brightness_check.cpp.o] Error 1
[2.575s] gmake[1]: *** [CMakeFiles/Makefile2:137: CMakeFiles/Mrbrightside.dir/all] Error 2
[2.575s] gmake: *** [Makefile:146: all] Error 2
[2.578s] Invoked command in '/home/ram-user/ASDFR/build/brightnode' returned '2': CMAKE_PREFIX_PATH=/opt/ros/humble /usr/bin/cmake --build /home/ram-user/ASDFR/build/brightnode -- -j2 -l2
