[ 25%] Built target grayscaler
[ 50%] Built target brightness_check
[35m[1mConsolidate compiler generated dependencies of target light_tracker[0m
[ 75%] Built target brightmask
[ 87%] [32mBuilding CXX object CMakeFiles/light_tracker.dir/src/light_tracker.cpp.o[0m
[01m[K/home/ram-user/ASDFR/src/image_processing/src/light_tracker.cpp:[m[K In member function â€˜[01m[Kvoid LightTracker::image_callback(sensor_msgs::msg::Image_<std::allocator<void> >::SharedPtr)[m[Kâ€™:
[01m[K/home/ram-user/ASDFR/src/image_processing/src/light_tracker.cpp:50:47:[m[K [01;31m[Kerror: [m[Kno matching function for call to â€˜[01m[Kcv::SimpleBlobDetector::SimpleBlobDetector(cv::SimpleBlobDetector::Params&)[m[Kâ€™
   50 |         cv::SimpleBlobDetector detector(params[01;31m[K)[m[K;
      |                                               [01;31m[K^[m[K
In file included from [01m[K/usr/include/opencv4/opencv2/calib3d.hpp:48[m[K,
                 from [01m[K/usr/include/opencv4/opencv2/opencv.hpp:56[m[K,
                 from [01m[K/home/ram-user/ASDFR/src/image_processing/src/light_tracker.cpp:3[m[K:
[01m[K/usr/include/opencv4/opencv2/features2d.hpp:695:20:[m[K [01;36m[Knote: [m[Kcandidate: â€˜[01m[Kcv::SimpleBlobDetector::SimpleBlobDetector()[m[Kâ€™
  695 | class CV_EXPORTS_W [01;36m[KSimpleBlobDetector[m[K : public Feature2D
      |                    [01;36m[K^~~~~~~~~~~~~~~~~~[m[K
[01m[K/usr/include/opencv4/opencv2/features2d.hpp:695:20:[m[K [01;36m[Knote: [m[K  candidate expects 0 arguments, 1 provided
[01m[K/usr/include/opencv4/opencv2/features2d.hpp:695:20:[m[K [01;36m[Knote: [m[Kcandidate: â€˜[01m[Kcv::SimpleBlobDetector::SimpleBlobDetector(const cv::SimpleBlobDetector&)[m[Kâ€™
[01m[K/usr/include/opencv4/opencv2/features2d.hpp:695:20:[m[K [01;36m[Knote: [m[K  no known conversion for argument 1 from â€˜[01m[Kcv::SimpleBlobDetector::Params[m[Kâ€™ to â€˜[01m[Kconst cv::SimpleBlobDetector&[m[Kâ€™
[01m[K/usr/include/opencv4/opencv2/features2d.hpp:695:20:[m[K [01;36m[Knote: [m[Kcandidate: â€˜[01m[Kcv::SimpleBlobDetector::SimpleBlobDetector(cv::SimpleBlobDetector&&)[m[Kâ€™
[01m[K/usr/include/opencv4/opencv2/features2d.hpp:695:20:[m[K [01;36m[Knote: [m[K  no known conversion for argument 1 from â€˜[01m[Kcv::SimpleBlobDetector::Params[m[Kâ€™ to â€˜[01m[Kcv::SimpleBlobDetector&&[m[Kâ€™
gmake[2]: *** [CMakeFiles/light_tracker.dir/build.make:76: CMakeFiles/light_tracker.dir/src/light_tracker.cpp.o] Error 1
gmake[1]: *** [CMakeFiles/Makefile2:221: CMakeFiles/light_tracker.dir/all] Error 2
gmake: *** [Makefile:146: all] Error 2
