[0.018s] Invoking command in '/home/ram-user/ASDFR/build/brightnode': CMAKE_PREFIX_PATH=/opt/ros/humble /usr/bin/cmake --build /home/ram-user/ASDFR/build/brightnode -- -j2 -l2
[0.069s] [35m[1mConsolidate compiler generated dependencies of target Mrbrightside[0m
[0.124s] [ 50%] [32mBuilding CXX object CMakeFiles/Mrbrightside.dir/src/Brightness_check.cpp.o[0m
[2.431s] [01m[K/home/ram-user/ASDFR/src/brightnode/src/Brightness_check.cpp:26:29:[m[K [01;31m[Kerror: [m[Kâ€˜[01m[Ksensor_msgs[m[Kâ€™ does not name a type
[2.432s]    26 |   void topic_callback(const [01;31m[Ksensor_msgs[m[K::msg::Image::SharedPtr image_msg)
[2.432s]       |                             [01;31m[K^~~~~~~~~~~[m[K
[2.432s] [01m[K/home/ram-user/ASDFR/src/brightnode/src/Brightness_check.cpp:26:45:[m[K [01;31m[Kerror: [m[Kexpected unqualified-id before â€˜[01m[K::[m[Kâ€™ token
[2.432s]    26 |   void topic_callback(const sensor_msgs::msg[01;31m[K::[m[KImage::SharedPtr image_msg)
[2.432s]       |                                             [01;31m[K^~[m[K
[2.432s] [01m[K/home/ram-user/ASDFR/src/brightnode/src/Brightness_check.cpp:26:45:[m[K [01;31m[Kerror: [m[Kexpected â€˜[01m[K)[m[Kâ€™ before â€˜[01m[K::[m[Kâ€™ token
[2.432s]    26 |   void topic_callback[34m[K([m[Kconst sensor_msgs::msg[01;31m[K:[m[K[32m[K:[m[KImage::SharedPtr image_msg)
[2.432s]       |                      [34m[K~[m[K                      [01;31m[K^[m[K[32m[K~[m[K
[2.433s]       |                                             [32m[K)[m[K
[2.433s] [01m[K/home/ram-user/ASDFR/src/brightnode/src/Brightness_check.cpp:26:42:[m[K [01;31m[Kerror: [m[Kexpected â€˜[01m[K;[m[Kâ€™ at end of member declaration
[2.433s]    26 |   void topic_callback(const sensor_msgs::[01;31m[Kmsg[m[K::Image::SharedPtr image_msg)
[2.433s]       |                                          [01;31m[K^~~[m[K
[2.433s]       |                                             [32m[K;[m[K
[2.435s] [01m[K/home/ram-user/ASDFR/src/brightnode/src/Brightness_check.cpp:26:47:[m[K [01;31m[Kerror: [m[Kâ€˜[01m[KImage[m[Kâ€™ in namespace â€˜[01m[K::[m[Kâ€™ does not name a type
[2.435s]    26 |   void topic_callback(const sensor_msgs::msg::[01;31m[KImage[m[K::SharedPtr image_msg)
[2.435s]       |                                               [01;31m[K^~~~~[m[K
[2.441s] [01m[K/home/ram-user/ASDFR/src/brightnode/src/Brightness_check.cpp:56:24:[m[K [01;31m[Kerror: [m[Kâ€˜[01m[Ksensor_msgs[m[Kâ€™ was not declared in this scope
[2.441s]    56 |   rclcpp::Subscription<[01;31m[Ksensor_msgs[m[K::msg::Image>::SharedPtr subscription_;
[2.441s]       |                        [01;31m[K^~~~~~~~~~~[m[K
[2.441s] [01m[K/home/ram-user/ASDFR/src/brightnode/src/Brightness_check.cpp:56:47:[m[K [01;31m[Kerror: [m[Ktemplate argument 1 is invalid
[2.441s]    56 |   rclcpp::Subscription<sensor_msgs::msg::Image[01;31m[K>[m[K::SharedPtr subscription_;
[2.441s]       |                                               [01;31m[K^[m[K
[2.441s] [01m[K/home/ram-user/ASDFR/src/brightnode/src/Brightness_check.cpp:56:47:[m[K [01;31m[Kerror: [m[Ktemplate argument 3 is invalid
[2.442s] [01m[K/home/ram-user/ASDFR/src/brightnode/src/Brightness_check.cpp:56:47:[m[K [01;31m[Kerror: [m[Ktemplate argument 4 is invalid
[2.442s] [01m[K/home/ram-user/ASDFR/src/brightnode/src/Brightness_check.cpp:56:47:[m[K [01;31m[Kerror: [m[Ktemplate argument 5 is invalid
[2.442s] [01m[K/home/ram-user/ASDFR/src/brightnode/src/Brightness_check.cpp:56:50:[m[K [01;31m[Kerror: [m[Kexpected â€˜[01m[K;[m[Kâ€™ at end of member declaration
[2.442s]    56 |   rclcpp::Subscription<sensor_msgs::msg::Image>::[01;31m[KSharedPtr[m[K subscription_;
[2.442s]       |                                                  [01;31m[K^~~~~~~~~[m[K
[2.442s]       |                                                           [32m[K;[m[K
[2.444s] [01m[K/home/ram-user/ASDFR/src/brightnode/src/Brightness_check.cpp:56:60:[m[K [01;31m[Kerror: [m[Kâ€˜[01m[Ksubscription_[m[Kâ€™ does not name a type; did you mean â€˜[01m[Krmw_subscription_t[m[Kâ€™?
[2.445s]    56 |   rclcpp::Subscription<sensor_msgs::msg::Image>::SharedPtr [01;31m[Ksubscription_[m[K;
[2.445s]       |                                                            [01;31m[K^~~~~~~~~~~~~[m[K
[2.445s]       |                                                            [32m[Krmw_subscription_t[m[K
[2.456s] [01m[K/home/ram-user/ASDFR/src/brightnode/src/Brightness_check.cpp:[m[K In constructor â€˜[01m[KBrightnessDeterminer::BrightnessDeterminer()[m[Kâ€™:
[2.456s] [01m[K/home/ram-user/ASDFR/src/brightnode/src/Brightness_check.cpp:21:5:[m[K [01;31m[Kerror: [m[Kâ€˜[01m[Ksubscription_[m[Kâ€™ was not declared in this scope; did you mean â€˜[01m[Krmw_subscription_t[m[Kâ€™?
[2.457s]    21 |     [01;31m[Ksubscription_[m[K = this->create_subscription<sensor_msgs::msg::Image>(
[2.457s]       |     [01;31m[K^~~~~~~~~~~~~[m[K
[2.457s]       |     [32m[Krmw_subscription_t[m[K
[2.463s] [01m[K/home/ram-user/ASDFR/src/brightnode/src/Brightness_check.cpp:21:47:[m[K [01;31m[Kerror: [m[Kâ€˜[01m[Ksensor_msgs[m[Kâ€™ was not declared in this scope
[2.463s]    21 |     subscription_ = this->create_subscription<[01;31m[Ksensor_msgs[m[K::msg::Image>(
[2.463s]       |                                               [01;31m[K^~~~~~~~~~~[m[K
[2.463s] [01m[K/home/ram-user/ASDFR/src/brightnode/src/Brightness_check.cpp:21:27:[m[K [01;31m[Kerror: [m[Kparse error in template argument list
[2.463s]    21 |     subscription_ = this->[01;31m[Kcreate_subscription<sensor_msgs::msg::Image>[m[K(
[2.463s]       |                           [01;31m[K^~~~~~~~~~~~~~~~~~~~~~~~~~~~~~~~~~~~~~~~~~~~[m[K
[2.465s] [01m[K/home/ram-user/ASDFR/src/brightnode/src/Brightness_check.cpp:22:75:[m[K [01;31m[Kerror: [m[Kâ€˜[01m[K_1[m[Kâ€™ was not declared in this scope; did you mean â€˜[01m[Kstd::placeholders::_1[m[Kâ€™?
[2.465s]    22 |       "topic", 10, std::bind(&BrightnessDeterminer::topic_callback, this, [01;31m[K_1[m[K));
[2.465s]       |                                                                           [01;31m[K^~[m[K
[2.465s]       |                                                                           [32m[Kstd::placeholders::_1[m[K
[2.465s] In file included from [01m[K/home/ram-user/ASDFR/src/brightnode/src/Brightness_check.cpp:5[m[K:
[2.465s] [01m[K/usr/include/c++/11/functional:225:34:[m[K [01;36m[Knote: [m[Kâ€˜[01m[Kstd::placeholders::_1[m[Kâ€™ declared here
[2.465s]   225 |     extern const _Placeholder<1> [01;36m[K_1[m[K;
[2.465s]       |                                  [01;36m[K^~[m[K
[2.930s] gmake[2]: *** [CMakeFiles/Mrbrightside.dir/build.make:76: CMakeFiles/Mrbrightside.dir/src/Brightness_check.cpp.o] Error 1
[2.930s] gmake[1]: *** [CMakeFiles/Makefile2:137: CMakeFiles/Mrbrightside.dir/all] Error 2
[2.930s] gmake: *** [Makefile:146: all] Error 2
[2.932s] Invoked command in '/home/ram-user/ASDFR/build/brightnode' returned '2': CMAKE_PREFIX_PATH=/opt/ros/humble /usr/bin/cmake --build /home/ram-user/ASDFR/build/brightnode -- -j2 -l2
