[01m[K/home/ram-user/ASDFR/src/brightnode/src/Brightness_check.cpp:32:29:[m[K [01;31m[Kerror: [m[Kâ€˜[01m[Ksensor_msgs[m[Kâ€™ does not name a type
   32 |   void topic_callback(const [01;31m[Ksensor_msgs[m[K::msg::Image::SharedPtr image_msg)
      |                             [01;31m[K^~~~~~~~~~~[m[K
[01m[K/home/ram-user/ASDFR/src/brightnode/src/Brightness_check.cpp:32:45:[m[K [01;31m[Kerror: [m[Kexpected unqualified-id before â€˜[01m[K::[m[Kâ€™ token
   32 |   void topic_callback(const sensor_msgs::msg[01;31m[K::[m[KImage::SharedPtr image_msg)
      |                                             [01;31m[K^~[m[K
[01m[K/home/ram-user/ASDFR/src/brightnode/src/Brightness_check.cpp:32:45:[m[K [01;31m[Kerror: [m[Kexpected â€˜[01m[K)[m[Kâ€™ before â€˜[01m[K::[m[Kâ€™ token
   32 |   void topic_callback[34m[K([m[Kconst sensor_msgs::msg[01;31m[K:[m[K[32m[K:[m[KImage::SharedPtr image_msg)
      |                      [34m[K~[m[K                      [01;31m[K^[m[K[32m[K~[m[K
      |                                             [32m[K)[m[K
[01m[K/home/ram-user/ASDFR/src/brightnode/src/Brightness_check.cpp:32:42:[m[K [01;31m[Kerror: [m[Kexpected â€˜[01m[K;[m[Kâ€™ at end of member declaration
   32 |   void topic_callback(const sensor_msgs::[01;31m[Kmsg[m[K::Image::SharedPtr image_msg)
      |                                          [01;31m[K^~~[m[K
      |                                             [32m[K;[m[K
[01m[K/home/ram-user/ASDFR/src/brightnode/src/Brightness_check.cpp:32:47:[m[K [01;31m[Kerror: [m[Kâ€˜[01m[KImage[m[Kâ€™ in namespace â€˜[01m[K::[m[Kâ€™ does not name a type
   32 |   void topic_callback(const sensor_msgs::msg::[01;31m[KImage[m[K::SharedPtr image_msg)
      |                                               [01;31m[K^~~~~[m[K
[01m[K/home/ram-user/ASDFR/src/brightnode/src/Brightness_check.cpp:62:24:[m[K [01;31m[Kerror: [m[Kâ€˜[01m[Ksensor_msgs[m[Kâ€™ was not declared in this scope
   62 |   rclcpp::Subscription<[01;31m[Ksensor_msgs[m[K::msg::Image>::SharedPtr subscription_;
      |                        [01;31m[K^~~~~~~~~~~[m[K
[01m[K/home/ram-user/ASDFR/src/brightnode/src/Brightness_check.cpp:62:47:[m[K [01;31m[Kerror: [m[Ktemplate argument 1 is invalid
   62 |   rclcpp::Subscription<sensor_msgs::msg::Image[01;31m[K>[m[K::SharedPtr subscription_;
      |                                               [01;31m[K^[m[K
[01m[K/home/ram-user/ASDFR/src/brightnode/src/Brightness_check.cpp:62:47:[m[K [01;31m[Kerror: [m[Ktemplate argument 3 is invalid
[01m[K/home/ram-user/ASDFR/src/brightnode/src/Brightness_check.cpp:62:47:[m[K [01;31m[Kerror: [m[Ktemplate argument 4 is invalid
[01m[K/home/ram-user/ASDFR/src/brightnode/src/Brightness_check.cpp:62:47:[m[K [01;31m[Kerror: [m[Ktemplate argument 5 is invalid
[01m[K/home/ram-user/ASDFR/src/brightnode/src/Brightness_check.cpp:62:50:[m[K [01;31m[Kerror: [m[Kexpected â€˜[01m[K;[m[Kâ€™ at end of member declaration
   62 |   rclcpp::Subscription<sensor_msgs::msg::Image>::[01;31m[KSharedPtr[m[K subscription_;
      |                                                  [01;31m[K^~~~~~~~~[m[K
      |                                                           [32m[K;[m[K
[01m[K/home/ram-user/ASDFR/src/brightnode/src/Brightness_check.cpp:62:60:[m[K [01;31m[Kerror: [m[Kâ€˜[01m[Ksubscription_[m[Kâ€™ does not name a type; did you mean â€˜[01m[Krmw_subscription_t[m[Kâ€™?
   62 |   rclcpp::Subscription<sensor_msgs::msg::Image>::SharedPtr [01;31m[Ksubscription_[m[K;
      |                                                            [01;31m[K^~~~~~~~~~~~~[m[K
      |                                                            [32m[Krmw_subscription_t[m[K
[01m[K/home/ram-user/ASDFR/src/brightnode/src/Brightness_check.cpp:[m[K In constructor â€˜[01m[KBrightnessDeterminer::BrightnessDeterminer()[m[Kâ€™:
[01m[K/home/ram-user/ASDFR/src/brightnode/src/Brightness_check.cpp:21:5:[m[K [01;31m[Kerror: [m[Kâ€˜[01m[Ksubscription_[m[Kâ€™ was not declared in this scope; did you mean â€˜[01m[Krmw_subscription_t[m[Kâ€™?
   21 |     [01;31m[Ksubscription_[m[K = this->create_subscription<std_msgs::msg::String>(
      |     [01;31m[K^~~~~~~~~~~~~[m[K
      |     [32m[Krmw_subscription_t[m[K
[01m[K/home/ram-user/ASDFR/src/brightnode/src/Brightness_check.cpp:22:75:[m[K [01;31m[Kerror: [m[Kâ€˜[01m[K_1[m[Kâ€™ was not declared in this scope; did you mean â€˜[01m[Kstd::placeholders::_1[m[Kâ€™?
   22 |       "topic", 10, std::bind(&BrightnessDeterminer::topic_callback, this, [01;31m[K_1[m[K));
      |                                                                           [01;31m[K^~[m[K
      |                                                                           [32m[Kstd::placeholders::_1[m[K
In file included from [01m[K/home/ram-user/ASDFR/src/brightnode/src/Brightness_check.cpp:5[m[K:
[01m[K/usr/include/c++/11/functional:225:34:[m[K [01;36m[Knote: [m[Kâ€˜[01m[Kstd::placeholders::_1[m[Kâ€™ declared here
  225 |     extern const _Placeholder<1> [01;36m[K_1[m[K;
      |                                  [01;36m[K^~[m[K
gmake[2]: *** [CMakeFiles/Mrbrightside.dir/build.make:76: CMakeFiles/Mrbrightside.dir/src/Brightness_check.cpp.o] Error 1
gmake[1]: *** [CMakeFiles/Makefile2:137: CMakeFiles/Mrbrightside.dir/all] Error 2
gmake: *** [Makefile:146: all] Error 2
