[0.016s] Invoking command in '/home/ram-user/ASDFR/build/brightnode': CMAKE_PREFIX_PATH=/opt/ros/humble /usr/bin/cmake --build /home/ram-user/ASDFR/build/brightnode -- -j2 -l2
[0.058s] [35m[1mConsolidate compiler generated dependencies of target Mrbrightside[0m
[0.074s] [ 50%] [32mBuilding CXX object CMakeFiles/Mrbrightside.dir/src/Brightness_check.cpp.o[0m
[2.242s] [01m[K/home/ram-user/ASDFR/src/brightnode/src/Brightness_check.cpp:32:29:[m[K [01;31m[Kerror: [m[Kâ€˜[01m[Ksensor_msgs[m[Kâ€™ does not name a type
[2.242s]    32 |   void topic_callback(const [01;31m[Ksensor_msgs[m[K::msg::Image::SharedPtr image_msg)
[2.242s]       |                             [01;31m[K^~~~~~~~~~~[m[K
[2.242s] [01m[K/home/ram-user/ASDFR/src/brightnode/src/Brightness_check.cpp:32:45:[m[K [01;31m[Kerror: [m[Kexpected unqualified-id before â€˜[01m[K::[m[Kâ€™ token
[2.243s]    32 |   void topic_callback(const sensor_msgs::msg[01;31m[K::[m[KImage::SharedPtr image_msg)
[2.243s]       |                                             [01;31m[K^~[m[K
[2.243s] [01m[K/home/ram-user/ASDFR/src/brightnode/src/Brightness_check.cpp:32:45:[m[K [01;31m[Kerror: [m[Kexpected â€˜[01m[K)[m[Kâ€™ before â€˜[01m[K::[m[Kâ€™ token
[2.243s]    32 |   void topic_callback[34m[K([m[Kconst sensor_msgs::msg[01;31m[K:[m[K[32m[K:[m[KImage::SharedPtr image_msg)
[2.243s]       |                      [34m[K~[m[K                      [01;31m[K^[m[K[32m[K~[m[K
[2.243s]       |                                             [32m[K)[m[K
[2.243s] [01m[K/home/ram-user/ASDFR/src/brightnode/src/Brightness_check.cpp:32:42:[m[K [01;31m[Kerror: [m[Kexpected â€˜[01m[K;[m[Kâ€™ at end of member declaration
[2.243s]    32 |   void topic_callback(const sensor_msgs::[01;31m[Kmsg[m[K::Image::SharedPtr image_msg)
[2.243s]       |                                          [01;31m[K^~~[m[K
[2.243s]       |                                             [32m[K;[m[K
[2.245s] [01m[K/home/ram-user/ASDFR/src/brightnode/src/Brightness_check.cpp:32:47:[m[K [01;31m[Kerror: [m[Kâ€˜[01m[KImage[m[Kâ€™ in namespace â€˜[01m[K::[m[Kâ€™ does not name a type
[2.245s]    32 |   void topic_callback(const sensor_msgs::msg::[01;31m[KImage[m[K::SharedPtr image_msg)
[2.245s]       |                                               [01;31m[K^~~~~[m[K
[2.250s] [01m[K/home/ram-user/ASDFR/src/brightnode/src/Brightness_check.cpp:62:24:[m[K [01;31m[Kerror: [m[Kâ€˜[01m[Ksensor_msgs[m[Kâ€™ was not declared in this scope
[2.251s]    62 |   rclcpp::Subscription<[01;31m[Ksensor_msgs[m[K::msg::Image>::SharedPtr subscription_;
[2.251s]       |                        [01;31m[K^~~~~~~~~~~[m[K
[2.251s] [01m[K/home/ram-user/ASDFR/src/brightnode/src/Brightness_check.cpp:62:47:[m[K [01;31m[Kerror: [m[Ktemplate argument 1 is invalid
[2.251s]    62 |   rclcpp::Subscription<sensor_msgs::msg::Image[01;31m[K>[m[K::SharedPtr subscription_;
[2.251s]       |                                               [01;31m[K^[m[K
[2.251s] [01m[K/home/ram-user/ASDFR/src/brightnode/src/Brightness_check.cpp:62:47:[m[K [01;31m[Kerror: [m[Ktemplate argument 3 is invalid
[2.251s] [01m[K/home/ram-user/ASDFR/src/brightnode/src/Brightness_check.cpp:62:47:[m[K [01;31m[Kerror: [m[Ktemplate argument 4 is invalid
[2.251s] [01m[K/home/ram-user/ASDFR/src/brightnode/src/Brightness_check.cpp:62:47:[m[K [01;31m[Kerror: [m[Ktemplate argument 5 is invalid
[2.251s] [01m[K/home/ram-user/ASDFR/src/brightnode/src/Brightness_check.cpp:62:50:[m[K [01;31m[Kerror: [m[Kexpected â€˜[01m[K;[m[Kâ€™ at end of member declaration
[2.251s]    62 |   rclcpp::Subscription<sensor_msgs::msg::Image>::[01;31m[KSharedPtr[m[K subscription_;
[2.251s]       |                                                  [01;31m[K^~~~~~~~~[m[K
[2.251s]       |                                                           [32m[K;[m[K
[2.253s] [01m[K/home/ram-user/ASDFR/src/brightnode/src/Brightness_check.cpp:62:60:[m[K [01;31m[Kerror: [m[Kâ€˜[01m[Ksubscription_[m[Kâ€™ does not name a type; did you mean â€˜[01m[Krmw_subscription_t[m[Kâ€™?
[2.253s]    62 |   rclcpp::Subscription<sensor_msgs::msg::Image>::SharedPtr [01;31m[Ksubscription_[m[K;
[2.253s]       |                                                            [01;31m[K^~~~~~~~~~~~~[m[K
[2.253s]       |                                                            [32m[Krmw_subscription_t[m[K
[2.264s] [01m[K/home/ram-user/ASDFR/src/brightnode/src/Brightness_check.cpp:[m[K In constructor â€˜[01m[KBrightnessDeterminer::BrightnessDeterminer()[m[Kâ€™:
[2.264s] [01m[K/home/ram-user/ASDFR/src/brightnode/src/Brightness_check.cpp:21:5:[m[K [01;31m[Kerror: [m[Kâ€˜[01m[Ksubscription_[m[Kâ€™ was not declared in this scope; did you mean â€˜[01m[Krmw_subscription_t[m[Kâ€™?
[2.265s]    21 |     [01;31m[Ksubscription_[m[K = this->create_subscription<std_msgs::msg::String>(
[2.265s]       |     [01;31m[K^~~~~~~~~~~~~[m[K
[2.265s]       |     [32m[Krmw_subscription_t[m[K
[2.265s] [01m[K/home/ram-user/ASDFR/src/brightnode/src/Brightness_check.cpp:22:75:[m[K [01;31m[Kerror: [m[Kâ€˜[01m[K_1[m[Kâ€™ was not declared in this scope; did you mean â€˜[01m[Kstd::placeholders::_1[m[Kâ€™?
[2.265s]    22 |       "topic", 10, std::bind(&BrightnessDeterminer::topic_callback, this, [01;31m[K_1[m[K));
[2.265s]       |                                                                           [01;31m[K^~[m[K
[2.265s]       |                                                                           [32m[Kstd::placeholders::_1[m[K
[2.265s] In file included from [01m[K/home/ram-user/ASDFR/src/brightnode/src/Brightness_check.cpp:5[m[K:
[2.265s] [01m[K/usr/include/c++/11/functional:225:34:[m[K [01;36m[Knote: [m[Kâ€˜[01m[Kstd::placeholders::_1[m[Kâ€™ declared here
[2.265s]   225 |     extern const _Placeholder<1> [01;36m[K_1[m[K;
[2.265s]       |                                  [01;36m[K^~[m[K
[2.679s] gmake[2]: *** [CMakeFiles/Mrbrightside.dir/build.make:76: CMakeFiles/Mrbrightside.dir/src/Brightness_check.cpp.o] Error 1
[2.680s] gmake[1]: *** [CMakeFiles/Makefile2:137: CMakeFiles/Mrbrightside.dir/all] Error 2
[2.680s] gmake: *** [Makefile:146: all] Error 2
[2.682s] Invoked command in '/home/ram-user/ASDFR/build/brightnode' returned '2': CMAKE_PREFIX_PATH=/opt/ros/humble /usr/bin/cmake --build /home/ram-user/ASDFR/build/brightnode -- -j2 -l2
