[0.068s] Invoking command in '/home/ram-user/ASDFR/src/build/brightnode': CMAKE_PREFIX_PATH=/opt/ros/humble /usr/bin/cmake --build /home/ram-user/ASDFR/src/build/brightnode -- -j2 -l2
[0.389s] [ 50%] [32mBuilding CXX object CMakeFiles/Mrbrightside.dir/src/Brightness_check.cpp.o[0m
[2.256s] [01m[K/home/ram-user/ASDFR/src/brightnode/src/Brightness_check.cpp:11:10:[m[K [01;31m[Kfatal error: [m[KOpenCV/install/OpenCV/include/opencv4/opencv2/opencv.hpp: No such file or directory
[2.257s]    11 | #include [01;31m[K<OpenCV/install/OpenCV/include/opencv4/opencv2/opencv.hpp>[m[K
[2.257s]       |          [01;31m[K^~~~~~~~~~~~~~~~~~~~~~~~~~~~~~~~~~~~~~~~~~~~~~~~~~~~~~~~~~[m[K
[2.257s] compilation terminated.
[2.259s] gmake[2]: *** [CMakeFiles/Mrbrightside.dir/build.make:76: CMakeFiles/Mrbrightside.dir/src/Brightness_check.cpp.o] Error 1
[2.259s] gmake[1]: *** [CMakeFiles/Makefile2:137: CMakeFiles/Mrbrightside.dir/all] Error 2
[2.259s] gmake: *** [Makefile:146: all] Error 2
[2.262s] Invoked command in '/home/ram-user/ASDFR/src/build/brightnode' returned '2': CMAKE_PREFIX_PATH=/opt/ros/humble /usr/bin/cmake --build /home/ram-user/ASDFR/src/build/brightnode -- -j2 -l2
